CRITICAL - 2022-07-27 11:42:08 --> Too few arguments to function Firebase\JWT\JWT::encode(), 2 passed in C:\laragon\www\prueba\app\Helpers\jwt_helper.php on line 35 and at least 3 expected
#0 C:\laragon\www\prueba\app\Helpers\jwt_helper.php(35): Firebase\JWT\JWT::encode(Array, 'kzUf4sxss4AeG5u...')
#1 C:\laragon\www\prueba\app\Controllers\Auth.php(65): getSignedJWTForUser('dimas@gmail.com')
#2 C:\laragon\www\prueba\app\Controllers\Auth.php(28): App\Controllers\Auth->getJWTForUser('dimas@gmail.com', 201)
#3 C:\laragon\www\prueba\system\CodeIgniter.php(825): App\Controllers\Auth->register()
#4 C:\laragon\www\prueba\system\CodeIgniter.php(412): CodeIgniter\CodeIgniter->runController(Object(App\Controllers\Auth))
#5 C:\laragon\www\prueba\system\CodeIgniter.php(320): CodeIgniter\CodeIgniter->handleRequest(NULL, Object(Config\Cache), false)
#6 C:\laragon\www\prueba\public\index.php(37): CodeIgniter\CodeIgniter->run()
#7 {main}
CRITICAL - 2022-07-27 11:44:42 --> Argument 3 passed to Firebase\JWT\JWT::encode() must be of the type string, array given, called in C:\laragon\www\prueba\app\Helpers\jwt_helper.php on line 35
#0 C:\laragon\www\prueba\app\Helpers\jwt_helper.php(35): Firebase\JWT\JWT::encode(Array, 'kzUf4sxss4AeG5u...', Array)
#1 C:\laragon\www\prueba\app\Controllers\Auth.php(65): getSignedJWTForUser('dimasA@gmail.co...')
#2 C:\laragon\www\prueba\app\Controllers\Auth.php(28): App\Controllers\Auth->getJWTForUser('dimasA@gmail.co...', 201)
#3 C:\laragon\www\prueba\system\CodeIgniter.php(825): App\Controllers\Auth->register()
#4 C:\laragon\www\prueba\system\CodeIgniter.php(412): CodeIgniter\CodeIgniter->runController(Object(App\Controllers\Auth))
#5 C:\laragon\www\prueba\system\CodeIgniter.php(320): CodeIgniter\CodeIgniter->handleRequest(NULL, Object(Config\Cache), false)
#6 C:\laragon\www\prueba\public\index.php(37): CodeIgniter\CodeIgniter->run()
#7 {main}
CRITICAL - 2022-07-27 14:40:23 --> Class 'key' not found
#0 C:\laragon\www\prueba\app\Filters\JWTAuthenticationFilter.php(37): validateJWTFromRequest('eyJ0eXAiOiJKV1Q...')
#1 C:\laragon\www\prueba\system\Filters\Filters.php(173): App\Filters\JWTAuthenticationFilter->before(Object(CodeIgniter\HTTP\IncomingRequest), NULL)
#2 C:\laragon\www\prueba\system\CodeIgniter.php(386): CodeIgniter\Filters\Filters->run('client', 'before')
#3 C:\laragon\www\prueba\system\CodeIgniter.php(320): CodeIgniter\CodeIgniter->handleRequest(NULL, Object(Config\Cache), false)
#4 C:\laragon\www\prueba\public\index.php(37): CodeIgniter\CodeIgniter->run()
#5 {main}
