ERROR - 2022-10-29 16:01:52 --> Operand should contain 1 column(s)
CRITICAL - 2022-10-29 16:01:52 --> Operand should contain 1 column(s)
#0 C:\laragon\www\api_airbnb\system\Database\MySQLi\Connection.php(292): mysqli->query('SELECT *\nFROM `...', 0)
#1 C:\laragon\www\api_airbnb\system\Database\BaseConnection.php(670): CodeIgniter\Database\MySQLi\Connection->execute('SELECT *\nFROM `...')
#2 C:\laragon\www\api_airbnb\system\Database\BaseConnection.php(598): CodeIgniter\Database\BaseConnection->simpleQuery('SELECT *\nFROM `...')
#3 C:\laragon\www\api_airbnb\system\Database\BaseBuilder.php(1455): CodeIgniter\Database\BaseConnection->query('SELECT *\nFROM `...', Array, false)
#4 C:\laragon\www\api_airbnb\system\Model.php(183): CodeIgniter\Database\BaseBuilder->get()
#5 C:\laragon\www\api_airbnb\system\BaseModel.php(584): CodeIgniter\Model->doFindAll(0, 0)
#6 C:\laragon\www\api_airbnb\app\Controllers\Reservas.php(18): CodeIgniter\BaseModel->findAll()
#7 C:\laragon\www\api_airbnb\system\CodeIgniter.php(825): App\Controllers\Reservas->misReservas()
#8 C:\laragon\www\api_airbnb\system\CodeIgniter.php(412): CodeIgniter\CodeIgniter->runController(Object(App\Controllers\Reservas))
#9 C:\laragon\www\api_airbnb\system\CodeIgniter.php(320): CodeIgniter\CodeIgniter->handleRequest(NULL, Object(Config\Cache), false)
#10 C:\laragon\www\api_airbnb\public\index.php(37): CodeIgniter\CodeIgniter->run()
#11 {main}
CRITICAL - 2022-10-29 16:02:54 --> Undefined variable: idServicio
#0 C:\laragon\www\api_airbnb\app\Controllers\Reservas.php(21): CodeIgniter\Debug\Exceptions->errorHandler(8, 'Undefined varia...', 'C:\\laragon\\www\\...', 21, Array)
#1 C:\laragon\www\api_airbnb\system\CodeIgniter.php(825): App\Controllers\Reservas->misReservas()
#2 C:\laragon\www\api_airbnb\system\CodeIgniter.php(412): CodeIgniter\CodeIgniter->runController(Object(App\Controllers\Reservas))
#3 C:\laragon\www\api_airbnb\system\CodeIgniter.php(320): CodeIgniter\CodeIgniter->handleRequest(NULL, Object(Config\Cache), false)
#4 C:\laragon\www\api_airbnb\public\index.php(37): CodeIgniter\CodeIgniter->run()
#5 {main}
