CRITICAL - 2022-10-06 22:19:36 --> Class 'App\Controllers\ResponseInterface' not found
#0 C:\Users\Dimas\Documents\api_airbnb\system\CodeIgniter.php(825): App\Controllers\Pagos->pagos()
#1 C:\Users\Dimas\Documents\api_airbnb\system\CodeIgniter.php(412): CodeIgniter\CodeIgniter->runController(Object(App\Controllers\Pagos))
#2 C:\Users\Dimas\Documents\api_airbnb\system\CodeIgniter.php(320): CodeIgniter\CodeIgniter->handleRequest(NULL, Object(Config\Cache), false)
#3 C:\Users\Dimas\Documents\api_airbnb\public\index.php(37): CodeIgniter\CodeIgniter->run()
#4 C:\Users\Dimas\Documents\api_airbnb\system\Commands\Server\rewrite.php(43): require_once('C:\\Users\\Dimas\\...')
#5 {main}
ERROR - 2022-10-06 22:38:36 --> Cannot add or update a child row: a foreign key constraint fails (`db_airbnb`.`tbl_servicios`, CONSTRAINT `tbl_servicios_idAnfitrion_foreign` FOREIGN KEY (`idAnfitrion`) REFERENCES `tbl_anfitriones` (`idAnfitrion`) ON DELETE CASCADE ON UPDATE CASCADE)
CRITICAL - 2022-10-06 22:38:36 --> Cannot add or update a child row: a foreign key constraint fails (`db_airbnb`.`tbl_servicios`, CONSTRAINT `tbl_servicios_idAnfitrion_foreign` FOREIGN KEY (`idAnfitrion`) REFERENCES `tbl_anfitriones` (`idAnfitrion`) ON DELETE CASCADE ON UPDATE CASCADE)
#0 C:\Users\Dimas\Documents\api_airbnb\system\Database\MySQLi\Connection.php(292): mysqli->query('INSERT INTO `tb...', 0)
#1 C:\Users\Dimas\Documents\api_airbnb\system\Database\BaseConnection.php(670): CodeIgniter\Database\MySQLi\Connection->execute('INSERT INTO `tb...')
#2 C:\Users\Dimas\Documents\api_airbnb\system\Database\BaseConnection.php(598): CodeIgniter\Database\BaseConnection->simpleQuery('INSERT INTO `tb...')
#3 C:\Users\Dimas\Documents\api_airbnb\system\Database\BaseBuilder.php(1771): CodeIgniter\Database\BaseConnection->query('INSERT INTO `tb...', Array, false)
#4 C:\Users\Dimas\Documents\api_airbnb\system\Model.php(239): CodeIgniter\Database\BaseBuilder->insert()
#5 C:\Users\Dimas\Documents\api_airbnb\system\BaseModel.php(738): CodeIgniter\Model->doInsert(Array)
#6 C:\Users\Dimas\Documents\api_airbnb\system\Model.php(625): CodeIgniter\BaseModel->insert(Array, false)
#7 C:\Users\Dimas\Documents\api_airbnb\system\BaseModel.php(658): CodeIgniter\Model->insert(Array, false)
#8 C:\Users\Dimas\Documents\api_airbnb\app\Controllers\Pagos.php(109): CodeIgniter\BaseModel->save(Array)
#9 C:\Users\Dimas\Documents\api_airbnb\system\CodeIgniter.php(825): App\Controllers\Pagos->pagos()
#10 C:\Users\Dimas\Documents\api_airbnb\system\CodeIgniter.php(412): CodeIgniter\CodeIgniter->runController(Object(App\Controllers\Pagos))
#11 C:\Users\Dimas\Documents\api_airbnb\system\CodeIgniter.php(320): CodeIgniter\CodeIgniter->handleRequest(NULL, Object(Config\Cache), false)
#12 C:\Users\Dimas\Documents\api_airbnb\public\index.php(37): CodeIgniter\CodeIgniter->run()
#13 C:\Users\Dimas\Documents\api_airbnb\system\Commands\Server\rewrite.php(43): require_once('C:\\Users\\Dimas\\...')
#14 {main}
