ERROR - 2022-11-22 10:28:35 --> Table 'proyect_airbnb.tbl_guardar_politicas_cancelacion' doesn't exist
CRITICAL - 2022-11-22 10:28:35 --> Table 'proyect_airbnb.tbl_guardar_politicas_cancelacion' doesn't exist
#0 C:\laragon\www\api_airbnb\system\Database\MySQLi\Connection.php(292): mysqli->query('SELECT `idPolit...', 0)
#1 C:\laragon\www\api_airbnb\system\Database\BaseConnection.php(670): CodeIgniter\Database\MySQLi\Connection->execute('SELECT `idPolit...')
#2 C:\laragon\www\api_airbnb\system\Database\BaseConnection.php(598): CodeIgniter\Database\BaseConnection->simpleQuery('SELECT `idPolit...')
#3 C:\laragon\www\api_airbnb\system\Database\BaseBuilder.php(1455): CodeIgniter\Database\BaseConnection->query('SELECT `idPolit...', Array, false)
#4 C:\laragon\www\api_airbnb\system\Model.php(145): CodeIgniter\Database\BaseBuilder->get()
#5 C:\laragon\www\api_airbnb\system\BaseModel.php(523): CodeIgniter\Model->doFind(false, NULL)
#6 C:\laragon\www\api_airbnb\system\Model.php(161): CodeIgniter\BaseModel->find()
#7 C:\laragon\www\api_airbnb\system\BaseModel.php(554): CodeIgniter\Model->doFindColumn('idPoliticaCance...')
#8 C:\laragon\www\api_airbnb\app\Controllers\Servicios.php(191): CodeIgniter\BaseModel->findColumn('idPoliticaCance...')
#9 C:\laragon\www\api_airbnb\system\CodeIgniter.php(825): App\Controllers\Servicios->verServicio()
#10 C:\laragon\www\api_airbnb\system\CodeIgniter.php(412): CodeIgniter\CodeIgniter->runController(Object(App\Controllers\Servicios))
#11 C:\laragon\www\api_airbnb\system\CodeIgniter.php(320): CodeIgniter\CodeIgniter->handleRequest(NULL, Object(Config\Cache), false)
#12 C:\laragon\www\api_airbnb\public\index.php(37): CodeIgniter\CodeIgniter->run()
#13 {main}
ERROR - 2022-11-22 10:28:42 --> Table 'proyect_airbnb.tbl_guardar_politicas_cancelacion' doesn't exist
CRITICAL - 2022-11-22 10:28:42 --> Table 'proyect_airbnb.tbl_guardar_politicas_cancelacion' doesn't exist
#0 C:\laragon\www\api_airbnb\system\Database\MySQLi\Connection.php(292): mysqli->query('SELECT `idPolit...', 0)
#1 C:\laragon\www\api_airbnb\system\Database\BaseConnection.php(670): CodeIgniter\Database\MySQLi\Connection->execute('SELECT `idPolit...')
#2 C:\laragon\www\api_airbnb\system\Database\BaseConnection.php(598): CodeIgniter\Database\BaseConnection->simpleQuery('SELECT `idPolit...')
#3 C:\laragon\www\api_airbnb\system\Database\BaseBuilder.php(1455): CodeIgniter\Database\BaseConnection->query('SELECT `idPolit...', Array, false)
#4 C:\laragon\www\api_airbnb\system\Model.php(145): CodeIgniter\Database\BaseBuilder->get()
#5 C:\laragon\www\api_airbnb\system\BaseModel.php(523): CodeIgniter\Model->doFind(false, NULL)
#6 C:\laragon\www\api_airbnb\system\Model.php(161): CodeIgniter\BaseModel->find()
#7 C:\laragon\www\api_airbnb\system\BaseModel.php(554): CodeIgniter\Model->doFindColumn('idPoliticaCance...')
#8 C:\laragon\www\api_airbnb\app\Controllers\Servicios.php(191): CodeIgniter\BaseModel->findColumn('idPoliticaCance...')
#9 C:\laragon\www\api_airbnb\system\CodeIgniter.php(825): App\Controllers\Servicios->verServicio()
#10 C:\laragon\www\api_airbnb\system\CodeIgniter.php(412): CodeIgniter\CodeIgniter->runController(Object(App\Controllers\Servicios))
#11 C:\laragon\www\api_airbnb\system\CodeIgniter.php(320): CodeIgniter\CodeIgniter->handleRequest(NULL, Object(Config\Cache), false)
#12 C:\laragon\www\api_airbnb\public\index.php(37): CodeIgniter\CodeIgniter->run()
#13 {main}
ERROR - 2022-11-22 10:30:32 --> Table 'proyect_airbnb.tbl_guardar_politicas_cancelacion' doesn't exist
CRITICAL - 2022-11-22 10:30:32 --> Table 'proyect_airbnb.tbl_guardar_politicas_cancelacion' doesn't exist
#0 C:\laragon\www\api_airbnb\system\Database\MySQLi\Connection.php(292): mysqli->query('SELECT `idPolit...', 0)
#1 C:\laragon\www\api_airbnb\system\Database\BaseConnection.php(670): CodeIgniter\Database\MySQLi\Connection->execute('SELECT `idPolit...')
#2 C:\laragon\www\api_airbnb\system\Database\BaseConnection.php(598): CodeIgniter\Database\BaseConnection->simpleQuery('SELECT `idPolit...')
#3 C:\laragon\www\api_airbnb\system\Database\BaseBuilder.php(1455): CodeIgniter\Database\BaseConnection->query('SELECT `idPolit...', Array, false)
#4 C:\laragon\www\api_airbnb\system\Model.php(145): CodeIgniter\Database\BaseBuilder->get()
#5 C:\laragon\www\api_airbnb\system\BaseModel.php(523): CodeIgniter\Model->doFind(false, NULL)
#6 C:\laragon\www\api_airbnb\system\Model.php(161): CodeIgniter\BaseModel->find()
#7 C:\laragon\www\api_airbnb\system\BaseModel.php(554): CodeIgniter\Model->doFindColumn('idPoliticaCance...')
#8 C:\laragon\www\api_airbnb\app\Controllers\Servicios.php(191): CodeIgniter\BaseModel->findColumn('idPoliticaCance...')
#9 C:\laragon\www\api_airbnb\system\CodeIgniter.php(825): App\Controllers\Servicios->verServicio()
#10 C:\laragon\www\api_airbnb\system\CodeIgniter.php(412): CodeIgniter\CodeIgniter->runController(Object(App\Controllers\Servicios))
#11 C:\laragon\www\api_airbnb\system\CodeIgniter.php(320): CodeIgniter\CodeIgniter->handleRequest(NULL, Object(Config\Cache), false)
#12 C:\laragon\www\api_airbnb\public\index.php(37): CodeIgniter\CodeIgniter->run()
#13 {main}
ERROR - 2022-11-22 10:32:18 --> Table 'proyect_airbnb.tbl_guardar_politicas_cancelacion' doesn't exist
CRITICAL - 2022-11-22 10:32:18 --> Table 'proyect_airbnb.tbl_guardar_politicas_cancelacion' doesn't exist
#0 C:\laragon\www\api_airbnb\system\Database\MySQLi\Connection.php(292): mysqli->query('SELECT `idPolit...', 0)
#1 C:\laragon\www\api_airbnb\system\Database\BaseConnection.php(670): CodeIgniter\Database\MySQLi\Connection->execute('SELECT `idPolit...')
#2 C:\laragon\www\api_airbnb\system\Database\BaseConnection.php(598): CodeIgniter\Database\BaseConnection->simpleQuery('SELECT `idPolit...')
#3 C:\laragon\www\api_airbnb\system\Database\BaseBuilder.php(1455): CodeIgniter\Database\BaseConnection->query('SELECT `idPolit...', Array, false)
#4 C:\laragon\www\api_airbnb\system\Model.php(145): CodeIgniter\Database\BaseBuilder->get()
#5 C:\laragon\www\api_airbnb\system\BaseModel.php(523): CodeIgniter\Model->doFind(false, NULL)
#6 C:\laragon\www\api_airbnb\system\Model.php(161): CodeIgniter\BaseModel->find()
#7 C:\laragon\www\api_airbnb\system\BaseModel.php(554): CodeIgniter\Model->doFindColumn('idPoliticaCance...')
#8 C:\laragon\www\api_airbnb\app\Controllers\Servicios.php(191): CodeIgniter\BaseModel->findColumn('idPoliticaCance...')
#9 C:\laragon\www\api_airbnb\system\CodeIgniter.php(825): App\Controllers\Servicios->verServicio()
#10 C:\laragon\www\api_airbnb\system\CodeIgniter.php(412): CodeIgniter\CodeIgniter->runController(Object(App\Controllers\Servicios))
#11 C:\laragon\www\api_airbnb\system\CodeIgniter.php(320): CodeIgniter\CodeIgniter->handleRequest(NULL, Object(Config\Cache), false)
#12 C:\laragon\www\api_airbnb\public\index.php(37): CodeIgniter\CodeIgniter->run()
#13 {main}
ERROR - 2022-11-22 10:32:24 --> Table 'proyect_airbnb.tbl_guardar_politicas_cancelacion' doesn't exist
CRITICAL - 2022-11-22 10:32:24 --> Table 'proyect_airbnb.tbl_guardar_politicas_cancelacion' doesn't exist
#0 C:\laragon\www\api_airbnb\system\Database\MySQLi\Connection.php(292): mysqli->query('SELECT `idPolit...', 0)
#1 C:\laragon\www\api_airbnb\system\Database\BaseConnection.php(670): CodeIgniter\Database\MySQLi\Connection->execute('SELECT `idPolit...')
#2 C:\laragon\www\api_airbnb\system\Database\BaseConnection.php(598): CodeIgniter\Database\BaseConnection->simpleQuery('SELECT `idPolit...')
#3 C:\laragon\www\api_airbnb\system\Database\BaseBuilder.php(1455): CodeIgniter\Database\BaseConnection->query('SELECT `idPolit...', Array, false)
#4 C:\laragon\www\api_airbnb\system\Model.php(145): CodeIgniter\Database\BaseBuilder->get()
#5 C:\laragon\www\api_airbnb\system\BaseModel.php(523): CodeIgniter\Model->doFind(false, NULL)
#6 C:\laragon\www\api_airbnb\system\Model.php(161): CodeIgniter\BaseModel->find()
#7 C:\laragon\www\api_airbnb\system\BaseModel.php(554): CodeIgniter\Model->doFindColumn('idPoliticaCance...')
#8 C:\laragon\www\api_airbnb\app\Controllers\Servicios.php(191): CodeIgniter\BaseModel->findColumn('idPoliticaCance...')
#9 C:\laragon\www\api_airbnb\system\CodeIgniter.php(825): App\Controllers\Servicios->verServicio()
#10 C:\laragon\www\api_airbnb\system\CodeIgniter.php(412): CodeIgniter\CodeIgniter->runController(Object(App\Controllers\Servicios))
#11 C:\laragon\www\api_airbnb\system\CodeIgniter.php(320): CodeIgniter\CodeIgniter->handleRequest(NULL, Object(Config\Cache), false)
#12 C:\laragon\www\api_airbnb\public\index.php(37): CodeIgniter\CodeIgniter->run()
#13 {main}
ERROR - 2022-11-22 10:32:43 --> Table 'proyect_airbnb.tbl_guardar_politicas_cancelacion' doesn't exist
CRITICAL - 2022-11-22 10:32:43 --> Table 'proyect_airbnb.tbl_guardar_politicas_cancelacion' doesn't exist
#0 C:\laragon\www\api_airbnb\system\Database\MySQLi\Connection.php(292): mysqli->query('SELECT `idPolit...', 0)
#1 C:\laragon\www\api_airbnb\system\Database\BaseConnection.php(670): CodeIgniter\Database\MySQLi\Connection->execute('SELECT `idPolit...')
#2 C:\laragon\www\api_airbnb\system\Database\BaseConnection.php(598): CodeIgniter\Database\BaseConnection->simpleQuery('SELECT `idPolit...')
#3 C:\laragon\www\api_airbnb\system\Database\BaseBuilder.php(1455): CodeIgniter\Database\BaseConnection->query('SELECT `idPolit...', Array, false)
#4 C:\laragon\www\api_airbnb\system\Model.php(145): CodeIgniter\Database\BaseBuilder->get()
#5 C:\laragon\www\api_airbnb\system\BaseModel.php(523): CodeIgniter\Model->doFind(false, NULL)
#6 C:\laragon\www\api_airbnb\system\Model.php(161): CodeIgniter\BaseModel->find()
#7 C:\laragon\www\api_airbnb\system\BaseModel.php(554): CodeIgniter\Model->doFindColumn('idPoliticaCance...')
#8 C:\laragon\www\api_airbnb\app\Controllers\Servicios.php(191): CodeIgniter\BaseModel->findColumn('idPoliticaCance...')
#9 C:\laragon\www\api_airbnb\system\CodeIgniter.php(825): App\Controllers\Servicios->verServicio()
#10 C:\laragon\www\api_airbnb\system\CodeIgniter.php(412): CodeIgniter\CodeIgniter->runController(Object(App\Controllers\Servicios))
#11 C:\laragon\www\api_airbnb\system\CodeIgniter.php(320): CodeIgniter\CodeIgniter->handleRequest(NULL, Object(Config\Cache), false)
#12 C:\laragon\www\api_airbnb\public\index.php(37): CodeIgniter\CodeIgniter->run()
#13 {main}
ERROR - 2022-11-22 10:32:55 --> Table 'proyect_airbnb.tbl_guardar_politicas_cancelacion' doesn't exist
CRITICAL - 2022-11-22 10:32:55 --> Table 'proyect_airbnb.tbl_guardar_politicas_cancelacion' doesn't exist
#0 C:\laragon\www\api_airbnb\system\Database\MySQLi\Connection.php(292): mysqli->query('SELECT `idPolit...', 0)
#1 C:\laragon\www\api_airbnb\system\Database\BaseConnection.php(670): CodeIgniter\Database\MySQLi\Connection->execute('SELECT `idPolit...')
#2 C:\laragon\www\api_airbnb\system\Database\BaseConnection.php(598): CodeIgniter\Database\BaseConnection->simpleQuery('SELECT `idPolit...')
#3 C:\laragon\www\api_airbnb\system\Database\BaseBuilder.php(1455): CodeIgniter\Database\BaseConnection->query('SELECT `idPolit...', Array, false)
#4 C:\laragon\www\api_airbnb\system\Model.php(145): CodeIgniter\Database\BaseBuilder->get()
#5 C:\laragon\www\api_airbnb\system\BaseModel.php(523): CodeIgniter\Model->doFind(false, NULL)
#6 C:\laragon\www\api_airbnb\system\Model.php(161): CodeIgniter\BaseModel->find()
#7 C:\laragon\www\api_airbnb\system\BaseModel.php(554): CodeIgniter\Model->doFindColumn('idPoliticaCance...')
#8 C:\laragon\www\api_airbnb\app\Controllers\Servicios.php(191): CodeIgniter\BaseModel->findColumn('idPoliticaCance...')
#9 C:\laragon\www\api_airbnb\system\CodeIgniter.php(825): App\Controllers\Servicios->verServicio()
#10 C:\laragon\www\api_airbnb\system\CodeIgniter.php(412): CodeIgniter\CodeIgniter->runController(Object(App\Controllers\Servicios))
#11 C:\laragon\www\api_airbnb\system\CodeIgniter.php(320): CodeIgniter\CodeIgniter->handleRequest(NULL, Object(Config\Cache), false)
#12 C:\laragon\www\api_airbnb\public\index.php(37): CodeIgniter\CodeIgniter->run()
#13 {main}
ERROR - 2022-11-22 10:33:02 --> Table 'proyect_airbnb.tbl_guardar_politicas_cancelacion' doesn't exist
CRITICAL - 2022-11-22 10:33:02 --> Table 'proyect_airbnb.tbl_guardar_politicas_cancelacion' doesn't exist
#0 C:\laragon\www\api_airbnb\system\Database\MySQLi\Connection.php(292): mysqli->query('SELECT `idPolit...', 0)
#1 C:\laragon\www\api_airbnb\system\Database\BaseConnection.php(670): CodeIgniter\Database\MySQLi\Connection->execute('SELECT `idPolit...')
#2 C:\laragon\www\api_airbnb\system\Database\BaseConnection.php(598): CodeIgniter\Database\BaseConnection->simpleQuery('SELECT `idPolit...')
#3 C:\laragon\www\api_airbnb\system\Database\BaseBuilder.php(1455): CodeIgniter\Database\BaseConnection->query('SELECT `idPolit...', Array, false)
#4 C:\laragon\www\api_airbnb\system\Model.php(145): CodeIgniter\Database\BaseBuilder->get()
#5 C:\laragon\www\api_airbnb\system\BaseModel.php(523): CodeIgniter\Model->doFind(false, NULL)
#6 C:\laragon\www\api_airbnb\system\Model.php(161): CodeIgniter\BaseModel->find()
#7 C:\laragon\www\api_airbnb\system\BaseModel.php(554): CodeIgniter\Model->doFindColumn('idPoliticaCance...')
#8 C:\laragon\www\api_airbnb\app\Controllers\Servicios.php(191): CodeIgniter\BaseModel->findColumn('idPoliticaCance...')
#9 C:\laragon\www\api_airbnb\system\CodeIgniter.php(825): App\Controllers\Servicios->verServicio()
#10 C:\laragon\www\api_airbnb\system\CodeIgniter.php(412): CodeIgniter\CodeIgniter->runController(Object(App\Controllers\Servicios))
#11 C:\laragon\www\api_airbnb\system\CodeIgniter.php(320): CodeIgniter\CodeIgniter->handleRequest(NULL, Object(Config\Cache), false)
#12 C:\laragon\www\api_airbnb\public\index.php(37): CodeIgniter\CodeIgniter->run()
#13 {main}
ERROR - 2022-11-22 10:33:55 --> Table 'proyect_airbnb.tbl_guardar_politicas_cancelacion' doesn't exist
CRITICAL - 2022-11-22 10:33:55 --> Table 'proyect_airbnb.tbl_guardar_politicas_cancelacion' doesn't exist
#0 C:\laragon\www\api_airbnb\system\Database\MySQLi\Connection.php(292): mysqli->query('SELECT `idPolit...', 0)
#1 C:\laragon\www\api_airbnb\system\Database\BaseConnection.php(670): CodeIgniter\Database\MySQLi\Connection->execute('SELECT `idPolit...')
#2 C:\laragon\www\api_airbnb\system\Database\BaseConnection.php(598): CodeIgniter\Database\BaseConnection->simpleQuery('SELECT `idPolit...')
#3 C:\laragon\www\api_airbnb\system\Database\BaseBuilder.php(1455): CodeIgniter\Database\BaseConnection->query('SELECT `idPolit...', Array, false)
#4 C:\laragon\www\api_airbnb\system\Model.php(145): CodeIgniter\Database\BaseBuilder->get()
#5 C:\laragon\www\api_airbnb\system\BaseModel.php(523): CodeIgniter\Model->doFind(false, NULL)
#6 C:\laragon\www\api_airbnb\system\Model.php(161): CodeIgniter\BaseModel->find()
#7 C:\laragon\www\api_airbnb\system\BaseModel.php(554): CodeIgniter\Model->doFindColumn('idPoliticaCance...')
#8 C:\laragon\www\api_airbnb\app\Controllers\Servicios.php(191): CodeIgniter\BaseModel->findColumn('idPoliticaCance...')
#9 C:\laragon\www\api_airbnb\system\CodeIgniter.php(825): App\Controllers\Servicios->verServicio()
#10 C:\laragon\www\api_airbnb\system\CodeIgniter.php(412): CodeIgniter\CodeIgniter->runController(Object(App\Controllers\Servicios))
#11 C:\laragon\www\api_airbnb\system\CodeIgniter.php(320): CodeIgniter\CodeIgniter->handleRequest(NULL, Object(Config\Cache), false)
#12 C:\laragon\www\api_airbnb\public\index.php(37): CodeIgniter\CodeIgniter->run()
#13 {main}
ERROR - 2022-11-22 10:33:55 --> Table 'proyect_airbnb.tbl_guardar_politicas_cancelacion' doesn't exist
CRITICAL - 2022-11-22 10:33:55 --> Table 'proyect_airbnb.tbl_guardar_politicas_cancelacion' doesn't exist
#0 C:\laragon\www\api_airbnb\system\Database\MySQLi\Connection.php(292): mysqli->query('SELECT `idPolit...', 0)
#1 C:\laragon\www\api_airbnb\system\Database\BaseConnection.php(670): CodeIgniter\Database\MySQLi\Connection->execute('SELECT `idPolit...')
#2 C:\laragon\www\api_airbnb\system\Database\BaseConnection.php(598): CodeIgniter\Database\BaseConnection->simpleQuery('SELECT `idPolit...')
#3 C:\laragon\www\api_airbnb\system\Database\BaseBuilder.php(1455): CodeIgniter\Database\BaseConnection->query('SELECT `idPolit...', Array, false)
#4 C:\laragon\www\api_airbnb\system\Model.php(145): CodeIgniter\Database\BaseBuilder->get()
#5 C:\laragon\www\api_airbnb\system\BaseModel.php(523): CodeIgniter\Model->doFind(false, NULL)
#6 C:\laragon\www\api_airbnb\system\Model.php(161): CodeIgniter\BaseModel->find()
#7 C:\laragon\www\api_airbnb\system\BaseModel.php(554): CodeIgniter\Model->doFindColumn('idPoliticaCance...')
#8 C:\laragon\www\api_airbnb\app\Controllers\Servicios.php(191): CodeIgniter\BaseModel->findColumn('idPoliticaCance...')
#9 C:\laragon\www\api_airbnb\system\CodeIgniter.php(825): App\Controllers\Servicios->verServicio()
#10 C:\laragon\www\api_airbnb\system\CodeIgniter.php(412): CodeIgniter\CodeIgniter->runController(Object(App\Controllers\Servicios))
#11 C:\laragon\www\api_airbnb\system\CodeIgniter.php(320): CodeIgniter\CodeIgniter->handleRequest(NULL, Object(Config\Cache), false)
#12 C:\laragon\www\api_airbnb\public\index.php(37): CodeIgniter\CodeIgniter->run()
#13 {main}
CRITICAL - 2022-11-22 10:34:17 --> Undefined array key "id"
#0 C:\laragon\www\api_airbnb\app\Controllers\Servicios.php(169): CodeIgniter\Debug\Exceptions->errorHandler(2, 'Undefined array...', 'C:\\laragon\\www\\...', 169)
#1 C:\laragon\www\api_airbnb\system\CodeIgniter.php(825): App\Controllers\Servicios->verServicio()
#2 C:\laragon\www\api_airbnb\system\CodeIgniter.php(412): CodeIgniter\CodeIgniter->runController(Object(App\Controllers\Servicios))
#3 C:\laragon\www\api_airbnb\system\CodeIgniter.php(320): CodeIgniter\CodeIgniter->handleRequest(NULL, Object(Config\Cache), false)
#4 C:\laragon\www\api_airbnb\public\index.php(37): CodeIgniter\CodeIgniter->run()
#5 {main}
ERROR - 2022-11-22 10:34:30 --> Table 'proyect_airbnb.tbl_guardar_politicas_cancelacion' doesn't exist
CRITICAL - 2022-11-22 10:34:30 --> Table 'proyect_airbnb.tbl_guardar_politicas_cancelacion' doesn't exist
#0 C:\laragon\www\api_airbnb\system\Database\MySQLi\Connection.php(292): mysqli->query('SELECT `idPolit...', 0)
#1 C:\laragon\www\api_airbnb\system\Database\BaseConnection.php(670): CodeIgniter\Database\MySQLi\Connection->execute('SELECT `idPolit...')
#2 C:\laragon\www\api_airbnb\system\Database\BaseConnection.php(598): CodeIgniter\Database\BaseConnection->simpleQuery('SELECT `idPolit...')
#3 C:\laragon\www\api_airbnb\system\Database\BaseBuilder.php(1455): CodeIgniter\Database\BaseConnection->query('SELECT `idPolit...', Array, false)
#4 C:\laragon\www\api_airbnb\system\Model.php(145): CodeIgniter\Database\BaseBuilder->get()
#5 C:\laragon\www\api_airbnb\system\BaseModel.php(523): CodeIgniter\Model->doFind(false, NULL)
#6 C:\laragon\www\api_airbnb\system\Model.php(161): CodeIgniter\BaseModel->find()
#7 C:\laragon\www\api_airbnb\system\BaseModel.php(554): CodeIgniter\Model->doFindColumn('idPoliticaCance...')
#8 C:\laragon\www\api_airbnb\app\Controllers\Servicios.php(191): CodeIgniter\BaseModel->findColumn('idPoliticaCance...')
#9 C:\laragon\www\api_airbnb\system\CodeIgniter.php(825): App\Controllers\Servicios->verServicio()
#10 C:\laragon\www\api_airbnb\system\CodeIgniter.php(412): CodeIgniter\CodeIgniter->runController(Object(App\Controllers\Servicios))
#11 C:\laragon\www\api_airbnb\system\CodeIgniter.php(320): CodeIgniter\CodeIgniter->handleRequest(NULL, Object(Config\Cache), false)
#12 C:\laragon\www\api_airbnb\public\index.php(37): CodeIgniter\CodeIgniter->run()
#13 {main}
ERROR - 2022-11-22 10:37:59 --> Table 'proyect_airbnb.tbl_guardar_politicas_cancelacion' doesn't exist
CRITICAL - 2022-11-22 10:37:59 --> Table 'proyect_airbnb.tbl_guardar_politicas_cancelacion' doesn't exist
#0 C:\laragon\www\api_airbnb\system\Database\MySQLi\Connection.php(292): mysqli->query('SELECT `idPolit...', 0)
#1 C:\laragon\www\api_airbnb\system\Database\BaseConnection.php(670): CodeIgniter\Database\MySQLi\Connection->execute('SELECT `idPolit...')
#2 C:\laragon\www\api_airbnb\system\Database\BaseConnection.php(598): CodeIgniter\Database\BaseConnection->simpleQuery('SELECT `idPolit...')
#3 C:\laragon\www\api_airbnb\system\Database\BaseBuilder.php(1455): CodeIgniter\Database\BaseConnection->query('SELECT `idPolit...', Array, false)
#4 C:\laragon\www\api_airbnb\system\Model.php(145): CodeIgniter\Database\BaseBuilder->get()
#5 C:\laragon\www\api_airbnb\system\BaseModel.php(523): CodeIgniter\Model->doFind(false, NULL)
#6 C:\laragon\www\api_airbnb\system\Model.php(161): CodeIgniter\BaseModel->find()
#7 C:\laragon\www\api_airbnb\system\BaseModel.php(554): CodeIgniter\Model->doFindColumn('idPoliticaCance...')
#8 C:\laragon\www\api_airbnb\app\Controllers\Servicios.php(191): CodeIgniter\BaseModel->findColumn('idPoliticaCance...')
#9 C:\laragon\www\api_airbnb\system\CodeIgniter.php(825): App\Controllers\Servicios->verServicio()
#10 C:\laragon\www\api_airbnb\system\CodeIgniter.php(412): CodeIgniter\CodeIgniter->runController(Object(App\Controllers\Servicios))
#11 C:\laragon\www\api_airbnb\system\CodeIgniter.php(320): CodeIgniter\CodeIgniter->handleRequest(NULL, Object(Config\Cache), false)
#12 C:\laragon\www\api_airbnb\public\index.php(37): CodeIgniter\CodeIgniter->run()
#13 {main}
ERROR - 2022-11-22 10:38:45 --> Table 'proyect_airbnb.tbl_guardar_politicas_cancelacion' doesn't exist
CRITICAL - 2022-11-22 10:38:45 --> Table 'proyect_airbnb.tbl_guardar_politicas_cancelacion' doesn't exist
#0 C:\laragon\www\api_airbnb\system\Database\MySQLi\Connection.php(292): mysqli->query('SELECT `idPolit...', 0)
#1 C:\laragon\www\api_airbnb\system\Database\BaseConnection.php(670): CodeIgniter\Database\MySQLi\Connection->execute('SELECT `idPolit...')
#2 C:\laragon\www\api_airbnb\system\Database\BaseConnection.php(598): CodeIgniter\Database\BaseConnection->simpleQuery('SELECT `idPolit...')
#3 C:\laragon\www\api_airbnb\system\Database\BaseBuilder.php(1455): CodeIgniter\Database\BaseConnection->query('SELECT `idPolit...', Array, false)
#4 C:\laragon\www\api_airbnb\system\Model.php(145): CodeIgniter\Database\BaseBuilder->get()
#5 C:\laragon\www\api_airbnb\system\BaseModel.php(523): CodeIgniter\Model->doFind(false, NULL)
#6 C:\laragon\www\api_airbnb\system\Model.php(161): CodeIgniter\BaseModel->find()
#7 C:\laragon\www\api_airbnb\system\BaseModel.php(554): CodeIgniter\Model->doFindColumn('idPoliticaCance...')
#8 C:\laragon\www\api_airbnb\app\Controllers\Servicios.php(191): CodeIgniter\BaseModel->findColumn('idPoliticaCance...')
#9 C:\laragon\www\api_airbnb\system\CodeIgniter.php(825): App\Controllers\Servicios->verServicio()
#10 C:\laragon\www\api_airbnb\system\CodeIgniter.php(412): CodeIgniter\CodeIgniter->runController(Object(App\Controllers\Servicios))
#11 C:\laragon\www\api_airbnb\system\CodeIgniter.php(320): CodeIgniter\CodeIgniter->handleRequest(NULL, Object(Config\Cache), false)
#12 C:\laragon\www\api_airbnb\public\index.php(37): CodeIgniter\CodeIgniter->run()
#13 {main}
ERROR - 2022-11-22 10:38:57 --> Table 'proyect_airbnb.tbl_guardar_politicas_cancelacion' doesn't exist
CRITICAL - 2022-11-22 10:38:57 --> Table 'proyect_airbnb.tbl_guardar_politicas_cancelacion' doesn't exist
#0 C:\laragon\www\api_airbnb\system\Database\MySQLi\Connection.php(292): mysqli->query('SELECT `idPolit...', 0)
#1 C:\laragon\www\api_airbnb\system\Database\BaseConnection.php(670): CodeIgniter\Database\MySQLi\Connection->execute('SELECT `idPolit...')
#2 C:\laragon\www\api_airbnb\system\Database\BaseConnection.php(598): CodeIgniter\Database\BaseConnection->simpleQuery('SELECT `idPolit...')
#3 C:\laragon\www\api_airbnb\system\Database\BaseBuilder.php(1455): CodeIgniter\Database\BaseConnection->query('SELECT `idPolit...', Array, false)
#4 C:\laragon\www\api_airbnb\system\Model.php(145): CodeIgniter\Database\BaseBuilder->get()
#5 C:\laragon\www\api_airbnb\system\BaseModel.php(523): CodeIgniter\Model->doFind(false, NULL)
#6 C:\laragon\www\api_airbnb\system\Model.php(161): CodeIgniter\BaseModel->find()
#7 C:\laragon\www\api_airbnb\system\BaseModel.php(554): CodeIgniter\Model->doFindColumn('idPoliticaCance...')
#8 C:\laragon\www\api_airbnb\app\Controllers\Servicios.php(191): CodeIgniter\BaseModel->findColumn('idPoliticaCance...')
#9 C:\laragon\www\api_airbnb\system\CodeIgniter.php(825): App\Controllers\Servicios->verServicio()
#10 C:\laragon\www\api_airbnb\system\CodeIgniter.php(412): CodeIgniter\CodeIgniter->runController(Object(App\Controllers\Servicios))
#11 C:\laragon\www\api_airbnb\system\CodeIgniter.php(320): CodeIgniter\CodeIgniter->handleRequest(NULL, Object(Config\Cache), false)
#12 C:\laragon\www\api_airbnb\public\index.php(37): CodeIgniter\CodeIgniter->run()
#13 {main}
ERROR - 2022-11-22 10:40:33 --> Table 'proyect_airbnb.tbl_guardar_politicas_cancelacion' doesn't exist
CRITICAL - 2022-11-22 10:40:33 --> Table 'proyect_airbnb.tbl_guardar_politicas_cancelacion' doesn't exist
#0 C:\laragon\www\api_airbnb\system\Database\MySQLi\Connection.php(292): mysqli->query('SELECT `idPolit...', 0)
#1 C:\laragon\www\api_airbnb\system\Database\BaseConnection.php(670): CodeIgniter\Database\MySQLi\Connection->execute('SELECT `idPolit...')
#2 C:\laragon\www\api_airbnb\system\Database\BaseConnection.php(598): CodeIgniter\Database\BaseConnection->simpleQuery('SELECT `idPolit...')
#3 C:\laragon\www\api_airbnb\system\Database\BaseBuilder.php(1455): CodeIgniter\Database\BaseConnection->query('SELECT `idPolit...', Array, false)
#4 C:\laragon\www\api_airbnb\system\Model.php(145): CodeIgniter\Database\BaseBuilder->get()
#5 C:\laragon\www\api_airbnb\system\BaseModel.php(523): CodeIgniter\Model->doFind(false, NULL)
#6 C:\laragon\www\api_airbnb\system\Model.php(161): CodeIgniter\BaseModel->find()
#7 C:\laragon\www\api_airbnb\system\BaseModel.php(554): CodeIgniter\Model->doFindColumn('idPoliticaCance...')
#8 C:\laragon\www\api_airbnb\app\Controllers\Servicios.php(191): CodeIgniter\BaseModel->findColumn('idPoliticaCance...')
#9 C:\laragon\www\api_airbnb\system\CodeIgniter.php(825): App\Controllers\Servicios->verServicio()
#10 C:\laragon\www\api_airbnb\system\CodeIgniter.php(412): CodeIgniter\CodeIgniter->runController(Object(App\Controllers\Servicios))
#11 C:\laragon\www\api_airbnb\system\CodeIgniter.php(320): CodeIgniter\CodeIgniter->handleRequest(NULL, Object(Config\Cache), false)
#12 C:\laragon\www\api_airbnb\public\index.php(37): CodeIgniter\CodeIgniter->run()
#13 {main}
