ERROR - 2022-07-30 09:10:27 --> Error connecting to the database: No se puede establecer una conexión ya que el equipo de destino denegó expresamente dicha conexión.

CRITICAL - 2022-07-30 09:10:27 --> Unable to connect to the database.
Main connection [MySQLi]: No se puede establecer una conexión ya que el equipo de destino denegó expresamente dicha conexión.

#0 C:\laragon\www\prueba\system\Database\BaseConnection.php(577): CodeIgniter\Database\BaseConnection->initialize()
#1 C:\laragon\www\prueba\system\Database\BaseBuilder.php(1455): CodeIgniter\Database\BaseConnection->query('SELECT *\nFROM `...', Array, false)
#2 C:\laragon\www\prueba\system\Model.php(210): CodeIgniter\Database\BaseBuilder->get()
#3 C:\laragon\www\prueba\system\BaseModel.php(622): CodeIgniter\Model->doFirst()
#4 C:\laragon\www\prueba\app\Models\UserModel.php(44): CodeIgniter\BaseModel->first()
#5 C:\laragon\www\prueba\app\Validation\UserRules.php(13): App\Models\UserModel->findUserByEmailAddress('dimas@gmail.com')
#6 C:\laragon\www\prueba\system\Validation\Validation.php(292): App\Validation\UserRules->validateUser('dimas', 'email, password', Array, NULL)
#7 C:\laragon\www\prueba\system\Validation\Validation.php(157): CodeIgniter\Validation\Validation->processRules('password', 'password', 'dimas', Array, Array)
#8 C:\laragon\www\prueba\app\Controllers\BaseController.php(86): CodeIgniter\Validation\Validation->run(Array)
#9 C:\laragon\www\prueba\app\Controllers\Auth.php(46): App\Controllers\BaseController->validateRequest(Array, Array, Array)
#10 C:\laragon\www\prueba\system\CodeIgniter.php(825): App\Controllers\Auth->login()
#11 C:\laragon\www\prueba\system\CodeIgniter.php(412): CodeIgniter\CodeIgniter->runController(Object(App\Controllers\Auth))
#12 C:\laragon\www\prueba\system\CodeIgniter.php(320): CodeIgniter\CodeIgniter->handleRequest(NULL, Object(Config\Cache), false)
#13 C:\laragon\www\prueba\public\index.php(37): CodeIgniter\CodeIgniter->run()
#14 C:\laragon\www\prueba\system\Commands\Server\rewrite.php(43): require_once('C:\\laragon\\www\\...')
#15 {main}
ERROR - 2022-07-30 09:11:11 --> Error connecting to the database: No se puede establecer una conexión ya que el equipo de destino denegó expresamente dicha conexión.

CRITICAL - 2022-07-30 09:11:12 --> Unable to connect to the database.
Main connection [MySQLi]: No se puede establecer una conexión ya que el equipo de destino denegó expresamente dicha conexión.

#0 C:\laragon\www\prueba\system\Database\BaseConnection.php(577): CodeIgniter\Database\BaseConnection->initialize()
#1 C:\laragon\www\prueba\system\Database\BaseBuilder.php(1455): CodeIgniter\Database\BaseConnection->query('SELECT *\nFROM `...', Array, false)
#2 C:\laragon\www\prueba\system\Model.php(210): CodeIgniter\Database\BaseBuilder->get()
#3 C:\laragon\www\prueba\system\BaseModel.php(622): CodeIgniter\Model->doFirst()
#4 C:\laragon\www\prueba\app\Models\UserModel.php(44): CodeIgniter\BaseModel->first()
#5 C:\laragon\www\prueba\app\Helpers\jwt_helper.php(22): App\Models\UserModel->findUserByEmailAddress('dimas@gmail.com')
#6 C:\laragon\www\prueba\app\Filters\JWTAuthenticationFilter.php(37): validateJWTFromRequest('eyJ0eXAiOiJKV1Q...')
#7 C:\laragon\www\prueba\system\Filters\Filters.php(173): App\Filters\JWTAuthenticationFilter->before(Object(CodeIgniter\HTTP\IncomingRequest), NULL)
#8 C:\laragon\www\prueba\system\CodeIgniter.php(386): CodeIgniter\Filters\Filters->run('user', 'before')
#9 C:\laragon\www\prueba\system\CodeIgniter.php(320): CodeIgniter\CodeIgniter->handleRequest(NULL, Object(Config\Cache), false)
#10 C:\laragon\www\prueba\public\index.php(37): CodeIgniter\CodeIgniter->run()
#11 C:\laragon\www\prueba\system\Commands\Server\rewrite.php(43): require_once('C:\\laragon\\www\\...')
#12 {main}
ERROR - 2022-07-30 09:11:21 --> Error connecting to the database: No se puede establecer una conexión ya que el equipo de destino denegó expresamente dicha conexión.

CRITICAL - 2022-07-30 09:11:22 --> Unable to connect to the database.
Main connection [MySQLi]: No se puede establecer una conexión ya que el equipo de destino denegó expresamente dicha conexión.

#0 C:\laragon\www\prueba\system\Database\BaseConnection.php(577): CodeIgniter\Database\BaseConnection->initialize()
#1 C:\laragon\www\prueba\system\Database\BaseBuilder.php(1455): CodeIgniter\Database\BaseConnection->query('SELECT *\nFROM `...', Array, false)
#2 C:\laragon\www\prueba\system\Model.php(210): CodeIgniter\Database\BaseBuilder->get()
#3 C:\laragon\www\prueba\system\BaseModel.php(622): CodeIgniter\Model->doFirst()
#4 C:\laragon\www\prueba\app\Models\UserModel.php(44): CodeIgniter\BaseModel->first()
#5 C:\laragon\www\prueba\app\Helpers\jwt_helper.php(22): App\Models\UserModel->findUserByEmailAddress('dimas@gmail.com')
#6 C:\laragon\www\prueba\app\Filters\JWTAuthenticationFilter.php(37): validateJWTFromRequest('eyJ0eXAiOiJKV1Q...')
#7 C:\laragon\www\prueba\system\Filters\Filters.php(173): App\Filters\JWTAuthenticationFilter->before(Object(CodeIgniter\HTTP\IncomingRequest), NULL)
#8 C:\laragon\www\prueba\system\CodeIgniter.php(386): CodeIgniter\Filters\Filters->run('user', 'before')
#9 C:\laragon\www\prueba\system\CodeIgniter.php(320): CodeIgniter\CodeIgniter->handleRequest(NULL, Object(Config\Cache), false)
#10 C:\laragon\www\prueba\public\index.php(37): CodeIgniter\CodeIgniter->run()
#11 C:\laragon\www\prueba\system\Commands\Server\rewrite.php(43): require_once('C:\\laragon\\www\\...')
#12 {main}
