CRITICAL - 2022-10-25 10:21:01 --> Undefined variable $arrayAnfitriones
#0 C:\laragon\www\api_airbnb\app\Controllers\Filtros.php(69): CodeIgniter\Debug\Exceptions->errorHandler(2, 'Undefined varia...', 'C:\\laragon\\www\\...', 69)
#1 C:\laragon\www\api_airbnb\system\CodeIgniter.php(825): App\Controllers\Filtros->filtros()
#2 C:\laragon\www\api_airbnb\system\CodeIgniter.php(412): CodeIgniter\CodeIgniter->runController(Object(App\Controllers\Filtros))
#3 C:\laragon\www\api_airbnb\system\CodeIgniter.php(320): CodeIgniter\CodeIgniter->handleRequest(NULL, Object(Config\Cache), false)
#4 C:\laragon\www\api_airbnb\public\index.php(37): CodeIgniter\CodeIgniter->run()
#5 {main}
CRITICAL - 2022-10-25 10:24:05 --> Call to a member function findColumn() on null
#0 C:\laragon\www\api_airbnb\system\CodeIgniter.php(825): App\Controllers\Filtros->filtros()
#1 C:\laragon\www\api_airbnb\system\CodeIgniter.php(412): CodeIgniter\CodeIgniter->runController(Object(App\Controllers\Filtros))
#2 C:\laragon\www\api_airbnb\system\CodeIgniter.php(320): CodeIgniter\CodeIgniter->handleRequest(NULL, Object(Config\Cache), false)
#3 C:\laragon\www\api_airbnb\public\index.php(37): CodeIgniter\CodeIgniter->run()
#4 {main}
CRITICAL - 2022-10-25 10:24:23 --> Call to a member function findColumn() on null
#0 C:\laragon\www\api_airbnb\system\CodeIgniter.php(825): App\Controllers\Filtros->filtros()
#1 C:\laragon\www\api_airbnb\system\CodeIgniter.php(412): CodeIgniter\CodeIgniter->runController(Object(App\Controllers\Filtros))
#2 C:\laragon\www\api_airbnb\system\CodeIgniter.php(320): CodeIgniter\CodeIgniter->handleRequest(NULL, Object(Config\Cache), false)
#3 C:\laragon\www\api_airbnb\public\index.php(37): CodeIgniter\CodeIgniter->run()
#4 {main}
CRITICAL - 2022-10-25 10:30:17 --> Class "App\Models\TiposDeHospedajesModel" not found
#0 C:\laragon\www\api_airbnb\system\CodeIgniter.php(825): App\Controllers\Client->tiposHospedajes()
#1 C:\laragon\www\api_airbnb\system\CodeIgniter.php(412): CodeIgniter\CodeIgniter->runController(Object(App\Controllers\Client))
#2 C:\laragon\www\api_airbnb\system\CodeIgniter.php(320): CodeIgniter\CodeIgniter->handleRequest(NULL, Object(Config\Cache), false)
#3 C:\laragon\www\api_airbnb\public\index.php(37): CodeIgniter\CodeIgniter->run()
#4 {main}
CRITICAL - 2022-10-25 10:30:31 --> Call to a member function findColumn() on null
#0 C:\laragon\www\api_airbnb\system\CodeIgniter.php(825): App\Controllers\Filtros->filtros()
#1 C:\laragon\www\api_airbnb\system\CodeIgniter.php(412): CodeIgniter\CodeIgniter->runController(Object(App\Controllers\Filtros))
#2 C:\laragon\www\api_airbnb\system\CodeIgniter.php(320): CodeIgniter\CodeIgniter->handleRequest(NULL, Object(Config\Cache), false)
#3 C:\laragon\www\api_airbnb\public\index.php(37): CodeIgniter\CodeIgniter->run()
#4 {main}
CRITICAL - 2022-10-25 10:36:18 --> Call to a member function where() on null
#0 C:\laragon\www\api_airbnb\system\CodeIgniter.php(825): App\Controllers\Filtros->filtros()
#1 C:\laragon\www\api_airbnb\system\CodeIgniter.php(412): CodeIgniter\CodeIgniter->runController(Object(App\Controllers\Filtros))
#2 C:\laragon\www\api_airbnb\system\CodeIgniter.php(320): CodeIgniter\CodeIgniter->handleRequest(NULL, Object(Config\Cache), false)
#3 C:\laragon\www\api_airbnb\public\index.php(37): CodeIgniter\CodeIgniter->run()
#4 {main}
CRITICAL - 2022-10-25 10:39:28 --> Call to a member function findColumn() on null
#0 C:\laragon\www\api_airbnb\system\CodeIgniter.php(825): App\Controllers\Filtros->filtros()
#1 C:\laragon\www\api_airbnb\system\CodeIgniter.php(412): CodeIgniter\CodeIgniter->runController(Object(App\Controllers\Filtros))
#2 C:\laragon\www\api_airbnb\system\CodeIgniter.php(320): CodeIgniter\CodeIgniter->handleRequest(NULL, Object(Config\Cache), false)
#3 C:\laragon\www\api_airbnb\public\index.php(37): CodeIgniter\CodeIgniter->run()
#4 {main}
CRITICAL - 2022-10-25 10:39:40 --> Call to a member function findColumn() on null
#0 C:\laragon\www\api_airbnb\system\CodeIgniter.php(825): App\Controllers\Filtros->filtros()
#1 C:\laragon\www\api_airbnb\system\CodeIgniter.php(412): CodeIgniter\CodeIgniter->runController(Object(App\Controllers\Filtros))
#2 C:\laragon\www\api_airbnb\system\CodeIgniter.php(320): CodeIgniter\CodeIgniter->handleRequest(NULL, Object(Config\Cache), false)
#3 C:\laragon\www\api_airbnb\public\index.php(37): CodeIgniter\CodeIgniter->run()
#4 {main}
CRITICAL - 2022-10-25 10:42:53 --> Call to a member function findColumn() on null
#0 C:\laragon\www\api_airbnb\system\CodeIgniter.php(825): App\Controllers\Filtros->filtros()
#1 C:\laragon\www\api_airbnb\system\CodeIgniter.php(412): CodeIgniter\CodeIgniter->runController(Object(App\Controllers\Filtros))
#2 C:\laragon\www\api_airbnb\system\CodeIgniter.php(320): CodeIgniter\CodeIgniter->handleRequest(NULL, Object(Config\Cache), false)
#3 C:\laragon\www\api_airbnb\public\index.php(37): CodeIgniter\CodeIgniter->run()
#4 {main}
CRITICAL - 2022-10-25 10:43:38 --> Call to a member function findColumn() on null
#0 C:\laragon\www\api_airbnb\system\CodeIgniter.php(825): App\Controllers\Filtros->filtros()
#1 C:\laragon\www\api_airbnb\system\CodeIgniter.php(412): CodeIgniter\CodeIgniter->runController(Object(App\Controllers\Filtros))
#2 C:\laragon\www\api_airbnb\system\CodeIgniter.php(320): CodeIgniter\CodeIgniter->handleRequest(NULL, Object(Config\Cache), false)
#3 C:\laragon\www\api_airbnb\public\index.php(37): CodeIgniter\CodeIgniter->run()
#4 {main}
CRITICAL - 2022-10-25 10:44:37 --> Call to a member function findColumn() on null
#0 C:\laragon\www\api_airbnb\system\CodeIgniter.php(825): App\Controllers\Filtros->filtros()
#1 C:\laragon\www\api_airbnb\system\CodeIgniter.php(412): CodeIgniter\CodeIgniter->runController(Object(App\Controllers\Filtros))
#2 C:\laragon\www\api_airbnb\system\CodeIgniter.php(320): CodeIgniter\CodeIgniter->handleRequest(NULL, Object(Config\Cache), false)
#3 C:\laragon\www\api_airbnb\public\index.php(37): CodeIgniter\CodeIgniter->run()
#4 {main}
CRITICAL - 2022-10-25 10:45:51 --> Undefined variable $arrayAnfitriones
#0 C:\laragon\www\api_airbnb\app\Controllers\Filtros.php(69): CodeIgniter\Debug\Exceptions->errorHandler(2, 'Undefined varia...', 'C:\\laragon\\www\\...', 69)
#1 C:\laragon\www\api_airbnb\system\CodeIgniter.php(825): App\Controllers\Filtros->filtros()
#2 C:\laragon\www\api_airbnb\system\CodeIgniter.php(412): CodeIgniter\CodeIgniter->runController(Object(App\Controllers\Filtros))
#3 C:\laragon\www\api_airbnb\system\CodeIgniter.php(320): CodeIgniter\CodeIgniter->handleRequest(NULL, Object(Config\Cache), false)
#4 C:\laragon\www\api_airbnb\public\index.php(37): CodeIgniter\CodeIgniter->run()
#5 {main}
CRITICAL - 2022-10-25 10:50:16 --> Call to a member function findColumn() on null
#0 C:\laragon\www\api_airbnb\system\CodeIgniter.php(825): App\Controllers\Filtros->filtros()
#1 C:\laragon\www\api_airbnb\system\CodeIgniter.php(412): CodeIgniter\CodeIgniter->runController(Object(App\Controllers\Filtros))
#2 C:\laragon\www\api_airbnb\system\CodeIgniter.php(320): CodeIgniter\CodeIgniter->handleRequest(NULL, Object(Config\Cache), false)
#3 C:\laragon\www\api_airbnb\public\index.php(37): CodeIgniter\CodeIgniter->run()
#4 {main}
CRITICAL - 2022-10-25 10:50:26 --> Call to a member function where() on null
#0 C:\laragon\www\api_airbnb\system\CodeIgniter.php(825): App\Controllers\Filtros->filtros()
#1 C:\laragon\www\api_airbnb\system\CodeIgniter.php(412): CodeIgniter\CodeIgniter->runController(Object(App\Controllers\Filtros))
#2 C:\laragon\www\api_airbnb\system\CodeIgniter.php(320): CodeIgniter\CodeIgniter->handleRequest(NULL, Object(Config\Cache), false)
#3 C:\laragon\www\api_airbnb\public\index.php(37): CodeIgniter\CodeIgniter->run()
#4 {main}
CRITICAL - 2022-10-25 10:51:15 --> Call to a member function findColumn() on null
#0 C:\laragon\www\api_airbnb\system\CodeIgniter.php(825): App\Controllers\Filtros->filtros()
#1 C:\laragon\www\api_airbnb\system\CodeIgniter.php(412): CodeIgniter\CodeIgniter->runController(Object(App\Controllers\Filtros))
#2 C:\laragon\www\api_airbnb\system\CodeIgniter.php(320): CodeIgniter\CodeIgniter->handleRequest(NULL, Object(Config\Cache), false)
#3 C:\laragon\www\api_airbnb\public\index.php(37): CodeIgniter\CodeIgniter->run()
#4 {main}
CRITICAL - 2022-10-25 10:52:35 --> Call to a member function findColumn() on null
#0 C:\laragon\www\api_airbnb\system\CodeIgniter.php(825): App\Controllers\Filtros->filtros()
#1 C:\laragon\www\api_airbnb\system\CodeIgniter.php(412): CodeIgniter\CodeIgniter->runController(Object(App\Controllers\Filtros))
#2 C:\laragon\www\api_airbnb\system\CodeIgniter.php(320): CodeIgniter\CodeIgniter->handleRequest(NULL, Object(Config\Cache), false)
#3 C:\laragon\www\api_airbnb\public\index.php(37): CodeIgniter\CodeIgniter->run()
#4 {main}
CRITICAL - 2022-10-25 10:52:38 --> Call to a member function findColumn() on null
#0 C:\laragon\www\api_airbnb\system\CodeIgniter.php(825): App\Controllers\Filtros->filtros()
#1 C:\laragon\www\api_airbnb\system\CodeIgniter.php(412): CodeIgniter\CodeIgniter->runController(Object(App\Controllers\Filtros))
#2 C:\laragon\www\api_airbnb\system\CodeIgniter.php(320): CodeIgniter\CodeIgniter->handleRequest(NULL, Object(Config\Cache), false)
#3 C:\laragon\www\api_airbnb\public\index.php(37): CodeIgniter\CodeIgniter->run()
#4 {main}
CRITICAL - 2022-10-25 10:57:43 --> Call to a member function findColumn() on null
#0 C:\laragon\www\api_airbnb\system\CodeIgniter.php(825): App\Controllers\Filtros->filtros()
#1 C:\laragon\www\api_airbnb\system\CodeIgniter.php(412): CodeIgniter\CodeIgniter->runController(Object(App\Controllers\Filtros))
#2 C:\laragon\www\api_airbnb\system\CodeIgniter.php(320): CodeIgniter\CodeIgniter->handleRequest(NULL, Object(Config\Cache), false)
#3 C:\laragon\www\api_airbnb\public\index.php(37): CodeIgniter\CodeIgniter->run()
#4 {main}
CRITICAL - 2022-10-25 11:04:09 --> Call to a member function findColumn() on null
#0 C:\laragon\www\api_airbnb\system\CodeIgniter.php(825): App\Controllers\Filtros->filtros()
#1 C:\laragon\www\api_airbnb\system\CodeIgniter.php(412): CodeIgniter\CodeIgniter->runController(Object(App\Controllers\Filtros))
#2 C:\laragon\www\api_airbnb\system\CodeIgniter.php(320): CodeIgniter\CodeIgniter->handleRequest(NULL, Object(Config\Cache), false)
#3 C:\laragon\www\api_airbnb\public\index.php(37): CodeIgniter\CodeIgniter->run()
#4 {main}
CRITICAL - 2022-10-25 11:04:11 --> Call to a member function findColumn() on null
#0 C:\laragon\www\api_airbnb\system\CodeIgniter.php(825): App\Controllers\Filtros->filtros()
#1 C:\laragon\www\api_airbnb\system\CodeIgniter.php(412): CodeIgniter\CodeIgniter->runController(Object(App\Controllers\Filtros))
#2 C:\laragon\www\api_airbnb\system\CodeIgniter.php(320): CodeIgniter\CodeIgniter->handleRequest(NULL, Object(Config\Cache), false)
#3 C:\laragon\www\api_airbnb\public\index.php(37): CodeIgniter\CodeIgniter->run()
#4 {main}
CRITICAL - 2022-10-25 11:06:00 --> Class "App\Models\TiposDeHospedajesModel" not found
#0 C:\laragon\www\api_airbnb\system\CodeIgniter.php(825): App\Controllers\Client->tiposHospedajes()
#1 C:\laragon\www\api_airbnb\system\CodeIgniter.php(412): CodeIgniter\CodeIgniter->runController(Object(App\Controllers\Client))
#2 C:\laragon\www\api_airbnb\system\CodeIgniter.php(320): CodeIgniter\CodeIgniter->handleRequest(NULL, Object(Config\Cache), false)
#3 C:\laragon\www\api_airbnb\public\index.php(37): CodeIgniter\CodeIgniter->run()
#4 {main}
CRITICAL - 2022-10-25 11:09:53 --> Call to a member function findColumn() on null
#0 C:\laragon\www\api_airbnb\system\CodeIgniter.php(825): App\Controllers\Filtros->filtros()
#1 C:\laragon\www\api_airbnb\system\CodeIgniter.php(412): CodeIgniter\CodeIgniter->runController(Object(App\Controllers\Filtros))
#2 C:\laragon\www\api_airbnb\system\CodeIgniter.php(320): CodeIgniter\CodeIgniter->handleRequest(NULL, Object(Config\Cache), false)
#3 C:\laragon\www\api_airbnb\public\index.php(37): CodeIgniter\CodeIgniter->run()
#4 {main}
CRITICAL - 2022-10-25 11:10:36 --> Call to a member function findColumn() on null
#0 C:\laragon\www\api_airbnb\system\CodeIgniter.php(825): App\Controllers\Filtros->filtros()
#1 C:\laragon\www\api_airbnb\system\CodeIgniter.php(412): CodeIgniter\CodeIgniter->runController(Object(App\Controllers\Filtros))
#2 C:\laragon\www\api_airbnb\system\CodeIgniter.php(320): CodeIgniter\CodeIgniter->handleRequest(NULL, Object(Config\Cache), false)
#3 C:\laragon\www\api_airbnb\public\index.php(37): CodeIgniter\CodeIgniter->run()
#4 {main}
CRITICAL - 2022-10-25 11:14:04 --> Call to a member function where() on null
#0 C:\laragon\www\api_airbnb\system\CodeIgniter.php(825): App\Controllers\Filtros->filtros()
#1 C:\laragon\www\api_airbnb\system\CodeIgniter.php(412): CodeIgniter\CodeIgniter->runController(Object(App\Controllers\Filtros))
#2 C:\laragon\www\api_airbnb\system\CodeIgniter.php(320): CodeIgniter\CodeIgniter->handleRequest(NULL, Object(Config\Cache), false)
#3 C:\laragon\www\api_airbnb\public\index.php(37): CodeIgniter\CodeIgniter->run()
#4 {main}
