ERROR - 2022-11-21 15:51:49 --> You have an error in your SQL syntax; check the manual that corresponds to your MySQL server version for the right syntax to use near ')
AND `idAnfitrion` IN ('3')
AND `tbl_servicios`.`date_delete` IS NULL' at line 3
CRITICAL - 2022-11-21 15:51:49 --> You have an error in your SQL syntax; check the manual that corresponds to your MySQL server version for the right syntax to use near ')
AND `idAnfitrion` IN ('3')
AND `tbl_servicios`.`date_delete` IS NULL' at line 3
#0 C:\laragon\www\api_airbnb\system\Database\MySQLi\Connection.php(292): mysqli->query('SELECT *\nFROM `...', 0)
#1 C:\laragon\www\api_airbnb\system\Database\BaseConnection.php(670): CodeIgniter\Database\MySQLi\Connection->execute('SELECT *\nFROM `...')
#2 C:\laragon\www\api_airbnb\system\Database\BaseConnection.php(598): CodeIgniter\Database\BaseConnection->simpleQuery('SELECT *\nFROM `...')
#3 C:\laragon\www\api_airbnb\system\Database\BaseBuilder.php(1455): CodeIgniter\Database\BaseConnection->query('SELECT *\nFROM `...', Array, false)
#4 C:\laragon\www\api_airbnb\system\Model.php(183): CodeIgniter\Database\BaseBuilder->get()
#5 C:\laragon\www\api_airbnb\system\BaseModel.php(584): CodeIgniter\Model->doFindAll(0, 0)
#6 C:\laragon\www\api_airbnb\app\Controllers\Servicios.php(73): CodeIgniter\BaseModel->findAll()
#7 C:\laragon\www\api_airbnb\system\CodeIgniter.php(825): App\Controllers\Servicios->filtroFechas()
#8 C:\laragon\www\api_airbnb\system\CodeIgniter.php(412): CodeIgniter\CodeIgniter->runController(Object(App\Controllers\Servicios))
#9 C:\laragon\www\api_airbnb\system\CodeIgniter.php(320): CodeIgniter\CodeIgniter->handleRequest(NULL, Object(Config\Cache), false)
#10 C:\laragon\www\api_airbnb\public\index.php(37): CodeIgniter\CodeIgniter->run()
#11 {main}
ERROR - 2022-11-21 15:52:15 --> You have an error in your SQL syntax; check the manual that corresponds to your MySQL server version for the right syntax to use near ')
AND `idAnfitrion` IN ('3')
AND `tbl_servicios`.`date_delete` IS NULL' at line 3
CRITICAL - 2022-11-21 15:52:16 --> You have an error in your SQL syntax; check the manual that corresponds to your MySQL server version for the right syntax to use near ')
AND `idAnfitrion` IN ('3')
AND `tbl_servicios`.`date_delete` IS NULL' at line 3
#0 C:\laragon\www\api_airbnb\system\Database\MySQLi\Connection.php(292): mysqli->query('SELECT *\nFROM `...', 0)
#1 C:\laragon\www\api_airbnb\system\Database\BaseConnection.php(670): CodeIgniter\Database\MySQLi\Connection->execute('SELECT *\nFROM `...')
#2 C:\laragon\www\api_airbnb\system\Database\BaseConnection.php(598): CodeIgniter\Database\BaseConnection->simpleQuery('SELECT *\nFROM `...')
#3 C:\laragon\www\api_airbnb\system\Database\BaseBuilder.php(1455): CodeIgniter\Database\BaseConnection->query('SELECT *\nFROM `...', Array, false)
#4 C:\laragon\www\api_airbnb\system\Model.php(183): CodeIgniter\Database\BaseBuilder->get()
#5 C:\laragon\www\api_airbnb\system\BaseModel.php(584): CodeIgniter\Model->doFindAll(0, 0)
#6 C:\laragon\www\api_airbnb\app\Controllers\Servicios.php(73): CodeIgniter\BaseModel->findAll()
#7 C:\laragon\www\api_airbnb\system\CodeIgniter.php(825): App\Controllers\Servicios->filtroFechas()
#8 C:\laragon\www\api_airbnb\system\CodeIgniter.php(412): CodeIgniter\CodeIgniter->runController(Object(App\Controllers\Servicios))
#9 C:\laragon\www\api_airbnb\system\CodeIgniter.php(320): CodeIgniter\CodeIgniter->handleRequest(NULL, Object(Config\Cache), false)
#10 C:\laragon\www\api_airbnb\public\index.php(37): CodeIgniter\CodeIgniter->run()
#11 {main}
ERROR - 2022-11-21 15:53:11 --> You have an error in your SQL syntax; check the manual that corresponds to your MySQL server version for the right syntax to use near ')
AND `idAnfitrion` IN ('3')
AND `tbl_servicios`.`date_delete` IS NULL' at line 3
CRITICAL - 2022-11-21 15:53:12 --> You have an error in your SQL syntax; check the manual that corresponds to your MySQL server version for the right syntax to use near ')
AND `idAnfitrion` IN ('3')
AND `tbl_servicios`.`date_delete` IS NULL' at line 3
#0 C:\laragon\www\api_airbnb\system\Database\MySQLi\Connection.php(292): mysqli->query('SELECT *\nFROM `...', 0)
#1 C:\laragon\www\api_airbnb\system\Database\BaseConnection.php(670): CodeIgniter\Database\MySQLi\Connection->execute('SELECT *\nFROM `...')
#2 C:\laragon\www\api_airbnb\system\Database\BaseConnection.php(598): CodeIgniter\Database\BaseConnection->simpleQuery('SELECT *\nFROM `...')
#3 C:\laragon\www\api_airbnb\system\Database\BaseBuilder.php(1455): CodeIgniter\Database\BaseConnection->query('SELECT *\nFROM `...', Array, false)
#4 C:\laragon\www\api_airbnb\system\Model.php(183): CodeIgniter\Database\BaseBuilder->get()
#5 C:\laragon\www\api_airbnb\system\BaseModel.php(584): CodeIgniter\Model->doFindAll(0, 0)
#6 C:\laragon\www\api_airbnb\app\Controllers\Servicios.php(73): CodeIgniter\BaseModel->findAll()
#7 C:\laragon\www\api_airbnb\system\CodeIgniter.php(825): App\Controllers\Servicios->filtroFechas()
#8 C:\laragon\www\api_airbnb\system\CodeIgniter.php(412): CodeIgniter\CodeIgniter->runController(Object(App\Controllers\Servicios))
#9 C:\laragon\www\api_airbnb\system\CodeIgniter.php(320): CodeIgniter\CodeIgniter->handleRequest(NULL, Object(Config\Cache), false)
#10 C:\laragon\www\api_airbnb\public\index.php(37): CodeIgniter\CodeIgniter->run()
#11 {main}
ERROR - 2022-11-21 16:14:37 --> You have an error in your SQL syntax; check the manual that corresponds to your MySQL server version for the right syntax to use near ')
AND `idAnfitrion` IN ('3')
AND `tbl_servicios`.`date_delete` IS NULL' at line 3
CRITICAL - 2022-11-21 16:14:37 --> You have an error in your SQL syntax; check the manual that corresponds to your MySQL server version for the right syntax to use near ')
AND `idAnfitrion` IN ('3')
AND `tbl_servicios`.`date_delete` IS NULL' at line 3
#0 C:\laragon\www\api_airbnb\system\Database\MySQLi\Connection.php(292): mysqli->query('SELECT *\nFROM `...', 0)
#1 C:\laragon\www\api_airbnb\system\Database\BaseConnection.php(670): CodeIgniter\Database\MySQLi\Connection->execute('SELECT *\nFROM `...')
#2 C:\laragon\www\api_airbnb\system\Database\BaseConnection.php(598): CodeIgniter\Database\BaseConnection->simpleQuery('SELECT *\nFROM `...')
#3 C:\laragon\www\api_airbnb\system\Database\BaseBuilder.php(1455): CodeIgniter\Database\BaseConnection->query('SELECT *\nFROM `...', Array, false)
#4 C:\laragon\www\api_airbnb\system\Model.php(183): CodeIgniter\Database\BaseBuilder->get()
#5 C:\laragon\www\api_airbnb\system\BaseModel.php(584): CodeIgniter\Model->doFindAll(0, 0)
#6 C:\laragon\www\api_airbnb\app\Controllers\Servicios.php(73): CodeIgniter\BaseModel->findAll()
#7 C:\laragon\www\api_airbnb\system\CodeIgniter.php(825): App\Controllers\Servicios->filtroFechas()
#8 C:\laragon\www\api_airbnb\system\CodeIgniter.php(412): CodeIgniter\CodeIgniter->runController(Object(App\Controllers\Servicios))
#9 C:\laragon\www\api_airbnb\system\CodeIgniter.php(320): CodeIgniter\CodeIgniter->handleRequest(NULL, Object(Config\Cache), false)
#10 C:\laragon\www\api_airbnb\public\index.php(37): CodeIgniter\CodeIgniter->run()
#11 {main}
ERROR - 2022-11-21 16:15:18 --> You have an error in your SQL syntax; check the manual that corresponds to your MySQL server version for the right syntax to use near ')
AND `idAnfitrion` IN ('3')
AND `tbl_servicios`.`date_delete` IS NULL' at line 3
CRITICAL - 2022-11-21 16:15:18 --> You have an error in your SQL syntax; check the manual that corresponds to your MySQL server version for the right syntax to use near ')
AND `idAnfitrion` IN ('3')
AND `tbl_servicios`.`date_delete` IS NULL' at line 3
#0 C:\laragon\www\api_airbnb\system\Database\MySQLi\Connection.php(292): mysqli->query('SELECT *\nFROM `...', 0)
#1 C:\laragon\www\api_airbnb\system\Database\BaseConnection.php(670): CodeIgniter\Database\MySQLi\Connection->execute('SELECT *\nFROM `...')
#2 C:\laragon\www\api_airbnb\system\Database\BaseConnection.php(598): CodeIgniter\Database\BaseConnection->simpleQuery('SELECT *\nFROM `...')
#3 C:\laragon\www\api_airbnb\system\Database\BaseBuilder.php(1455): CodeIgniter\Database\BaseConnection->query('SELECT *\nFROM `...', Array, false)
#4 C:\laragon\www\api_airbnb\system\Model.php(183): CodeIgniter\Database\BaseBuilder->get()
#5 C:\laragon\www\api_airbnb\system\BaseModel.php(584): CodeIgniter\Model->doFindAll(0, 0)
#6 C:\laragon\www\api_airbnb\app\Controllers\Servicios.php(73): CodeIgniter\BaseModel->findAll()
#7 C:\laragon\www\api_airbnb\system\CodeIgniter.php(825): App\Controllers\Servicios->filtroFechas()
#8 C:\laragon\www\api_airbnb\system\CodeIgniter.php(412): CodeIgniter\CodeIgniter->runController(Object(App\Controllers\Servicios))
#9 C:\laragon\www\api_airbnb\system\CodeIgniter.php(320): CodeIgniter\CodeIgniter->handleRequest(NULL, Object(Config\Cache), false)
#10 C:\laragon\www\api_airbnb\public\index.php(37): CodeIgniter\CodeIgniter->run()
#11 {main}
ERROR - 2022-11-21 16:15:26 --> You have an error in your SQL syntax; check the manual that corresponds to your MySQL server version for the right syntax to use near ')
AND `idAnfitrion` IN ('3')
AND `tbl_servicios`.`date_delete` IS NULL' at line 3
CRITICAL - 2022-11-21 16:15:26 --> You have an error in your SQL syntax; check the manual that corresponds to your MySQL server version for the right syntax to use near ')
AND `idAnfitrion` IN ('3')
AND `tbl_servicios`.`date_delete` IS NULL' at line 3
#0 C:\laragon\www\api_airbnb\system\Database\MySQLi\Connection.php(292): mysqli->query('SELECT *\nFROM `...', 0)
#1 C:\laragon\www\api_airbnb\system\Database\BaseConnection.php(670): CodeIgniter\Database\MySQLi\Connection->execute('SELECT *\nFROM `...')
#2 C:\laragon\www\api_airbnb\system\Database\BaseConnection.php(598): CodeIgniter\Database\BaseConnection->simpleQuery('SELECT *\nFROM `...')
#3 C:\laragon\www\api_airbnb\system\Database\BaseBuilder.php(1455): CodeIgniter\Database\BaseConnection->query('SELECT *\nFROM `...', Array, false)
#4 C:\laragon\www\api_airbnb\system\Model.php(183): CodeIgniter\Database\BaseBuilder->get()
#5 C:\laragon\www\api_airbnb\system\BaseModel.php(584): CodeIgniter\Model->doFindAll(0, 0)
#6 C:\laragon\www\api_airbnb\app\Controllers\Servicios.php(73): CodeIgniter\BaseModel->findAll()
#7 C:\laragon\www\api_airbnb\system\CodeIgniter.php(825): App\Controllers\Servicios->filtroFechas()
#8 C:\laragon\www\api_airbnb\system\CodeIgniter.php(412): CodeIgniter\CodeIgniter->runController(Object(App\Controllers\Servicios))
#9 C:\laragon\www\api_airbnb\system\CodeIgniter.php(320): CodeIgniter\CodeIgniter->handleRequest(NULL, Object(Config\Cache), false)
#10 C:\laragon\www\api_airbnb\public\index.php(37): CodeIgniter\CodeIgniter->run()
#11 {main}
