CRITICAL - 2022-08-18 13:37:29 --> Class 'App\Controllers\PaisesModel' not found
#0 C:\laragon\www\prueba\system\CodeIgniter.php(825): App\Controllers\Client->paises()
#1 C:\laragon\www\prueba\system\CodeIgniter.php(412): CodeIgniter\CodeIgniter->runController(Object(App\Controllers\Client))
#2 C:\laragon\www\prueba\system\CodeIgniter.php(320): CodeIgniter\CodeIgniter->handleRequest(NULL, Object(Config\Cache), false)
#3 C:\laragon\www\prueba\public\index.php(37): CodeIgniter\CodeIgniter->run()
#4 {main}
CRITICAL - 2022-08-18 13:41:17 --> Class 'App\Models\DepartamentosModel' not found
#0 C:\laragon\www\prueba\system\CodeIgniter.php(825): App\Controllers\Client->departamentos('1')
#1 C:\laragon\www\prueba\system\CodeIgniter.php(412): CodeIgniter\CodeIgniter->runController(Object(App\Controllers\Client))
#2 C:\laragon\www\prueba\system\CodeIgniter.php(320): CodeIgniter\CodeIgniter->handleRequest(NULL, Object(Config\Cache), false)
#3 C:\laragon\www\prueba\public\index.php(37): CodeIgniter\CodeIgniter->run()
#4 {main}
CRITICAL - 2022-08-18 13:41:38 --> Call to undefined method App\Models\DepartamentoModel::departamentos
#0 C:\laragon\www\prueba\app\Controllers\Client.php(36): CodeIgniter\Model->__call('departamentos', Array)
#1 C:\laragon\www\prueba\system\CodeIgniter.php(825): App\Controllers\Client->departamentos('1')
#2 C:\laragon\www\prueba\system\CodeIgniter.php(412): CodeIgniter\CodeIgniter->runController(Object(App\Controllers\Client))
#3 C:\laragon\www\prueba\system\CodeIgniter.php(320): CodeIgniter\CodeIgniter->handleRequest(NULL, Object(Config\Cache), false)
#4 C:\laragon\www\prueba\public\index.php(37): CodeIgniter\CodeIgniter->run()
#5 {main}
CRITICAL - 2022-08-18 13:45:13 --> Class 'App\Controllers\MunicipioModel' not found
#0 C:\laragon\www\prueba\system\CodeIgniter.php(825): App\Controllers\Client->municipios('1')
#1 C:\laragon\www\prueba\system\CodeIgniter.php(412): CodeIgniter\CodeIgniter->runController(Object(App\Controllers\Client))
#2 C:\laragon\www\prueba\system\CodeIgniter.php(320): CodeIgniter\CodeIgniter->handleRequest(NULL, Object(Config\Cache), false)
#3 C:\laragon\www\prueba\public\index.php(37): CodeIgniter\CodeIgniter->run()
#4 {main}
