CRITICAL - 2022-10-07 21:10:11 --> whereIn() expects $values to be of type array or closure
#0 C:\Users\Dimas\Documents\api_airbnb\system\Database\BaseBuilder.php(731): CodeIgniter\Database\BaseBuilder->_whereIn('nombre', '', false, 'AND ', NULL)
#1 C:\Users\Dimas\Documents\api_airbnb\system\Model.php(728): CodeIgniter\Database\BaseBuilder->whereIn('nombre', '')
#2 C:\Users\Dimas\Documents\api_airbnb\app\Controllers\Filtros.php(54): CodeIgniter\Model->__call('whereIn', Array)
#3 C:\Users\Dimas\Documents\api_airbnb\system\CodeIgniter.php(825): App\Controllers\Filtros->filtros()
#4 C:\Users\Dimas\Documents\api_airbnb\system\CodeIgniter.php(412): CodeIgniter\CodeIgniter->runController(Object(App\Controllers\Filtros))
#5 C:\Users\Dimas\Documents\api_airbnb\system\CodeIgniter.php(320): CodeIgniter\CodeIgniter->handleRequest(NULL, Object(Config\Cache), false)
#6 C:\Users\Dimas\Documents\api_airbnb\public\index.php(37): CodeIgniter\CodeIgniter->run()
#7 C:\Users\Dimas\Documents\api_airbnb\system\Commands\Server\rewrite.php(43): require_once('C:\\Users\\Dimas\\...')
#8 {main}
CRITICAL - 2022-10-07 21:11:29 --> whereIn() expects $values to be of type array or closure
#0 C:\Users\Dimas\Documents\api_airbnb\system\Database\BaseBuilder.php(731): CodeIgniter\Database\BaseBuilder->_whereIn('idAnfitrion', '5', false, 'AND ', NULL)
#1 C:\Users\Dimas\Documents\api_airbnb\system\Model.php(728): CodeIgniter\Database\BaseBuilder->whereIn('idAnfitrion', '5')
#2 C:\Users\Dimas\Documents\api_airbnb\app\Controllers\Filtros.php(54): CodeIgniter\Model->__call('whereIn', Array)
#3 C:\Users\Dimas\Documents\api_airbnb\system\CodeIgniter.php(825): App\Controllers\Filtros->filtros()
#4 C:\Users\Dimas\Documents\api_airbnb\system\CodeIgniter.php(412): CodeIgniter\CodeIgniter->runController(Object(App\Controllers\Filtros))
#5 C:\Users\Dimas\Documents\api_airbnb\system\CodeIgniter.php(320): CodeIgniter\CodeIgniter->handleRequest(NULL, Object(Config\Cache), false)
#6 C:\Users\Dimas\Documents\api_airbnb\public\index.php(37): CodeIgniter\CodeIgniter->run()
#7 C:\Users\Dimas\Documents\api_airbnb\system\Commands\Server\rewrite.php(43): require_once('C:\\Users\\Dimas\\...')
#8 {main}
CRITICAL - 2022-10-07 21:12:47 --> whereIn() expects $values to be of type array or closure
#0 C:\Users\Dimas\Documents\api_airbnb\system\Database\BaseBuilder.php(731): CodeIgniter\Database\BaseBuilder->_whereIn('idMunicipio', '2', false, 'AND ', NULL)
#1 C:\Users\Dimas\Documents\api_airbnb\system\Model.php(728): CodeIgniter\Database\BaseBuilder->whereIn('idMunicipio', '2')
#2 C:\Users\Dimas\Documents\api_airbnb\app\Controllers\Filtros.php(54): CodeIgniter\Model->__call('whereIn', Array)
#3 C:\Users\Dimas\Documents\api_airbnb\system\CodeIgniter.php(825): App\Controllers\Filtros->filtros()
#4 C:\Users\Dimas\Documents\api_airbnb\system\CodeIgniter.php(412): CodeIgniter\CodeIgniter->runController(Object(App\Controllers\Filtros))
#5 C:\Users\Dimas\Documents\api_airbnb\system\CodeIgniter.php(320): CodeIgniter\CodeIgniter->handleRequest(NULL, Object(Config\Cache), false)
#6 C:\Users\Dimas\Documents\api_airbnb\public\index.php(37): CodeIgniter\CodeIgniter->run()
#7 C:\Users\Dimas\Documents\api_airbnb\system\Commands\Server\rewrite.php(43): require_once('C:\\Users\\Dimas\\...')
#8 {main}
CRITICAL - 2022-10-07 21:13:20 --> whereIn() expects $values to be of type array or closure
#0 C:\Users\Dimas\Documents\api_airbnb\system\Database\BaseBuilder.php(731): CodeIgniter\Database\BaseBuilder->_whereIn('idTarifa', NULL, false, 'AND ', NULL)
#1 C:\Users\Dimas\Documents\api_airbnb\system\Model.php(728): CodeIgniter\Database\BaseBuilder->whereIn('idTarifa', NULL)
#2 C:\Users\Dimas\Documents\api_airbnb\app\Controllers\Filtros.php(54): CodeIgniter\Model->__call('whereIn', Array)
#3 C:\Users\Dimas\Documents\api_airbnb\system\CodeIgniter.php(825): App\Controllers\Filtros->filtros()
#4 C:\Users\Dimas\Documents\api_airbnb\system\CodeIgniter.php(412): CodeIgniter\CodeIgniter->runController(Object(App\Controllers\Filtros))
#5 C:\Users\Dimas\Documents\api_airbnb\system\CodeIgniter.php(320): CodeIgniter\CodeIgniter->handleRequest(NULL, Object(Config\Cache), false)
#6 C:\Users\Dimas\Documents\api_airbnb\public\index.php(37): CodeIgniter\CodeIgniter->run()
#7 C:\Users\Dimas\Documents\api_airbnb\system\Commands\Server\rewrite.php(43): require_once('C:\\Users\\Dimas\\...')
#8 {main}
CRITICAL - 2022-10-07 21:13:35 --> whereIn() expects $values to be of type array or closure
#0 C:\Users\Dimas\Documents\api_airbnb\system\Database\BaseBuilder.php(731): CodeIgniter\Database\BaseBuilder->_whereIn('idTarifa', NULL, false, 'AND ', NULL)
#1 C:\Users\Dimas\Documents\api_airbnb\system\Model.php(728): CodeIgniter\Database\BaseBuilder->whereIn('idTarifa', NULL)
#2 C:\Users\Dimas\Documents\api_airbnb\app\Controllers\Filtros.php(54): CodeIgniter\Model->__call('whereIn', Array)
#3 C:\Users\Dimas\Documents\api_airbnb\system\CodeIgniter.php(825): App\Controllers\Filtros->filtros()
#4 C:\Users\Dimas\Documents\api_airbnb\system\CodeIgniter.php(412): CodeIgniter\CodeIgniter->runController(Object(App\Controllers\Filtros))
#5 C:\Users\Dimas\Documents\api_airbnb\system\CodeIgniter.php(320): CodeIgniter\CodeIgniter->handleRequest(NULL, Object(Config\Cache), false)
#6 C:\Users\Dimas\Documents\api_airbnb\public\index.php(37): CodeIgniter\CodeIgniter->run()
#7 C:\Users\Dimas\Documents\api_airbnb\system\Commands\Server\rewrite.php(43): require_once('C:\\Users\\Dimas\\...')
#8 {main}
CRITICAL - 2022-10-07 21:28:38 --> Call to undefined function App\Controllers\Where()
#0 C:\Users\Dimas\Documents\api_airbnb\system\CodeIgniter.php(825): App\Controllers\Filtros->filtros()
#1 C:\Users\Dimas\Documents\api_airbnb\system\CodeIgniter.php(412): CodeIgniter\CodeIgniter->runController(Object(App\Controllers\Filtros))
#2 C:\Users\Dimas\Documents\api_airbnb\system\CodeIgniter.php(320): CodeIgniter\CodeIgniter->handleRequest(NULL, Object(Config\Cache), false)
#3 C:\Users\Dimas\Documents\api_airbnb\public\index.php(37): CodeIgniter\CodeIgniter->run()
#4 C:\Users\Dimas\Documents\api_airbnb\system\Commands\Server\rewrite.php(43): require_once('C:\\Users\\Dimas\\...')
#5 {main}
CRITICAL - 2022-10-07 21:29:45 --> Cannot use object of type App\Models\TiposHospedajesModel as array
#0 C:\Users\Dimas\Documents\api_airbnb\system\CodeIgniter.php(825): App\Controllers\Filtros->filtros()
#1 C:\Users\Dimas\Documents\api_airbnb\system\CodeIgniter.php(412): CodeIgniter\CodeIgniter->runController(Object(App\Controllers\Filtros))
#2 C:\Users\Dimas\Documents\api_airbnb\system\CodeIgniter.php(320): CodeIgniter\CodeIgniter->handleRequest(NULL, Object(Config\Cache), false)
#3 C:\Users\Dimas\Documents\api_airbnb\public\index.php(37): CodeIgniter\CodeIgniter->run()
#4 C:\Users\Dimas\Documents\api_airbnb\system\Commands\Server\rewrite.php(43): require_once('C:\\Users\\Dimas\\...')
#5 {main}
CRITICAL - 2022-10-07 21:31:24 --> whereIn() expects $values to be of type array or closure
#0 C:\Users\Dimas\Documents\api_airbnb\system\Database\BaseBuilder.php(731): CodeIgniter\Database\BaseBuilder->_whereIn('idTipoHospedaje', '1', false, 'AND ', NULL)
#1 C:\Users\Dimas\Documents\api_airbnb\system\Model.php(728): CodeIgniter\Database\BaseBuilder->whereIn('idTipoHospedaje', '1')
#2 C:\Users\Dimas\Documents\api_airbnb\app\Controllers\Filtros.php(94): CodeIgniter\Model->__call('whereIn', Array)
#3 C:\Users\Dimas\Documents\api_airbnb\system\CodeIgniter.php(825): App\Controllers\Filtros->filtros()
#4 C:\Users\Dimas\Documents\api_airbnb\system\CodeIgniter.php(412): CodeIgniter\CodeIgniter->runController(Object(App\Controllers\Filtros))
#5 C:\Users\Dimas\Documents\api_airbnb\system\CodeIgniter.php(320): CodeIgniter\CodeIgniter->handleRequest(NULL, Object(Config\Cache), false)
#6 C:\Users\Dimas\Documents\api_airbnb\public\index.php(37): CodeIgniter\CodeIgniter->run()
#7 C:\Users\Dimas\Documents\api_airbnb\system\Commands\Server\rewrite.php(43): require_once('C:\\Users\\Dimas\\...')
#8 {main}
CRITICAL - 2022-10-07 21:31:48 --> Cannot use object of type App\Models\TiposHospedajesModel as array
#0 C:\Users\Dimas\Documents\api_airbnb\system\CodeIgniter.php(825): App\Controllers\Filtros->filtros()
#1 C:\Users\Dimas\Documents\api_airbnb\system\CodeIgniter.php(412): CodeIgniter\CodeIgniter->runController(Object(App\Controllers\Filtros))
#2 C:\Users\Dimas\Documents\api_airbnb\system\CodeIgniter.php(320): CodeIgniter\CodeIgniter->handleRequest(NULL, Object(Config\Cache), false)
#3 C:\Users\Dimas\Documents\api_airbnb\public\index.php(37): CodeIgniter\CodeIgniter->run()
#4 C:\Users\Dimas\Documents\api_airbnb\system\Commands\Server\rewrite.php(43): require_once('C:\\Users\\Dimas\\...')
#5 {main}
CRITICAL - 2022-10-07 21:33:50 --> Cannot use object of type App\Models\TiposHospedajesModel as array
#0 C:\Users\Dimas\Documents\api_airbnb\system\CodeIgniter.php(825): App\Controllers\Filtros->filtros()
#1 C:\Users\Dimas\Documents\api_airbnb\system\CodeIgniter.php(412): CodeIgniter\CodeIgniter->runController(Object(App\Controllers\Filtros))
#2 C:\Users\Dimas\Documents\api_airbnb\system\CodeIgniter.php(320): CodeIgniter\CodeIgniter->handleRequest(NULL, Object(Config\Cache), false)
#3 C:\Users\Dimas\Documents\api_airbnb\public\index.php(37): CodeIgniter\CodeIgniter->run()
#4 C:\Users\Dimas\Documents\api_airbnb\system\Commands\Server\rewrite.php(43): require_once('C:\\Users\\Dimas\\...')
#5 {main}
