CRITICAL - 2022-10-27 10:31:15 --> Call to undefined method App\Models\FechasReservasModel::fincColumn
#0 C:\laragon\www\api_airbnb\app\Controllers\Pagos.php(197): CodeIgniter\Model->__call('fincColumn', Array)
#1 C:\laragon\www\api_airbnb\system\CodeIgniter.php(825): App\Controllers\Pagos->confirmarPago()
#2 C:\laragon\www\api_airbnb\system\CodeIgniter.php(412): CodeIgniter\CodeIgniter->runController(Object(App\Controllers\Pagos))
#3 C:\laragon\www\api_airbnb\system\CodeIgniter.php(320): CodeIgniter\CodeIgniter->handleRequest(NULL, Object(Config\Cache), false)
#4 C:\laragon\www\api_airbnb\public\index.php(37): CodeIgniter\CodeIgniter->run()
#5 {main}
CRITICAL - 2022-10-27 10:32:17 --> Call to undefined method App\Models\FechasReservasModel::fincColumn
#0 C:\laragon\www\api_airbnb\app\Controllers\Pagos.php(197): CodeIgniter\Model->__call('fincColumn', Array)
#1 C:\laragon\www\api_airbnb\system\CodeIgniter.php(825): App\Controllers\Pagos->confirmarPago()
#2 C:\laragon\www\api_airbnb\system\CodeIgniter.php(412): CodeIgniter\CodeIgniter->runController(Object(App\Controllers\Pagos))
#3 C:\laragon\www\api_airbnb\system\CodeIgniter.php(320): CodeIgniter\CodeIgniter->handleRequest(NULL, Object(Config\Cache), false)
#4 C:\laragon\www\api_airbnb\public\index.php(37): CodeIgniter\CodeIgniter->run()
#5 {main}
ERROR - 2022-10-27 10:40:53 --> You have an error in your SQL syntax; check the manual that corresponds to your MySQL server version for the right syntax to use near '`<=` IN ('2022-10-22')
AND `fechaSalida` <= ('2022-11-05')' at line 4
CRITICAL - 2022-10-27 10:40:53 --> You have an error in your SQL syntax; check the manual that corresponds to your MySQL server version for the right syntax to use near '`<=` IN ('2022-10-22')
AND `fechaSalida` <= ('2022-11-05')' at line 4
#0 C:\laragon\www\api_airbnb\system\Database\MySQLi\Connection.php(292): mysqli->query('SELECT *\nFROM `...', 0)
#1 C:\laragon\www\api_airbnb\system\Database\BaseConnection.php(670): CodeIgniter\Database\MySQLi\Connection->execute('SELECT *\nFROM `...')
#2 C:\laragon\www\api_airbnb\system\Database\BaseConnection.php(598): CodeIgniter\Database\BaseConnection->simpleQuery('SELECT *\nFROM `...')
#3 C:\laragon\www\api_airbnb\system\Database\BaseBuilder.php(1455): CodeIgniter\Database\BaseConnection->query('SELECT *\nFROM `...', Array, false)
#4 C:\laragon\www\api_airbnb\system\Model.php(183): CodeIgniter\Database\BaseBuilder->get()
#5 C:\laragon\www\api_airbnb\system\BaseModel.php(584): CodeIgniter\Model->doFindAll(0, 0)
#6 C:\laragon\www\api_airbnb\app\Controllers\Pagos.php(199): CodeIgniter\BaseModel->findAll()
#7 C:\laragon\www\api_airbnb\system\CodeIgniter.php(825): App\Controllers\Pagos->confirmarPago()
#8 C:\laragon\www\api_airbnb\system\CodeIgniter.php(412): CodeIgniter\CodeIgniter->runController(Object(App\Controllers\Pagos))
#9 C:\laragon\www\api_airbnb\system\CodeIgniter.php(320): CodeIgniter\CodeIgniter->handleRequest(NULL, Object(Config\Cache), false)
#10 C:\laragon\www\api_airbnb\public\index.php(37): CodeIgniter\CodeIgniter->run()
#11 {main}
ERROR - 2022-10-27 10:41:12 --> You have an error in your SQL syntax; check the manual that corresponds to your MySQL server version for the right syntax to use near '`<=` IN ('2022-10-22')
AND `fechaSalida` `<=` IN ('2022-11-05')' at line 4
CRITICAL - 2022-10-27 10:41:12 --> You have an error in your SQL syntax; check the manual that corresponds to your MySQL server version for the right syntax to use near '`<=` IN ('2022-10-22')
AND `fechaSalida` `<=` IN ('2022-11-05')' at line 4
#0 C:\laragon\www\api_airbnb\system\Database\MySQLi\Connection.php(292): mysqli->query('SELECT *\nFROM `...', 0)
#1 C:\laragon\www\api_airbnb\system\Database\BaseConnection.php(670): CodeIgniter\Database\MySQLi\Connection->execute('SELECT *\nFROM `...')
#2 C:\laragon\www\api_airbnb\system\Database\BaseConnection.php(598): CodeIgniter\Database\BaseConnection->simpleQuery('SELECT *\nFROM `...')
#3 C:\laragon\www\api_airbnb\system\Database\BaseBuilder.php(1455): CodeIgniter\Database\BaseConnection->query('SELECT *\nFROM `...', Array, false)
#4 C:\laragon\www\api_airbnb\system\Model.php(183): CodeIgniter\Database\BaseBuilder->get()
#5 C:\laragon\www\api_airbnb\system\BaseModel.php(584): CodeIgniter\Model->doFindAll(0, 0)
#6 C:\laragon\www\api_airbnb\app\Controllers\Pagos.php(199): CodeIgniter\BaseModel->findAll()
#7 C:\laragon\www\api_airbnb\system\CodeIgniter.php(825): App\Controllers\Pagos->confirmarPago()
#8 C:\laragon\www\api_airbnb\system\CodeIgniter.php(412): CodeIgniter\CodeIgniter->runController(Object(App\Controllers\Pagos))
#9 C:\laragon\www\api_airbnb\system\CodeIgniter.php(320): CodeIgniter\CodeIgniter->handleRequest(NULL, Object(Config\Cache), false)
#10 C:\laragon\www\api_airbnb\public\index.php(37): CodeIgniter\CodeIgniter->run()
#11 {main}
CRITICAL - 2022-10-27 10:43:08 --> Call to undefined method App\Models\FechasReservasModel::or_where
#0 C:\laragon\www\api_airbnb\app\Controllers\Pagos.php(200): CodeIgniter\Model->__call('or_where', Array)
#1 C:\laragon\www\api_airbnb\system\CodeIgniter.php(825): App\Controllers\Pagos->confirmarPago()
#2 C:\laragon\www\api_airbnb\system\CodeIgniter.php(412): CodeIgniter\CodeIgniter->runController(Object(App\Controllers\Pagos))
#3 C:\laragon\www\api_airbnb\system\CodeIgniter.php(320): CodeIgniter\CodeIgniter->handleRequest(NULL, Object(Config\Cache), false)
#4 C:\laragon\www\api_airbnb\public\index.php(37): CodeIgniter\CodeIgniter->run()
#5 {main}
CRITICAL - 2022-10-27 11:14:55 --> Call to undefined method CodeIgniter\Database\MySQLi\Builder::or_where()
#0 C:\laragon\www\api_airbnb\app\Controllers\Pagos.php(201): App\Models\FechasReservasModel->confirmar('2022-10-22', '2022-10-31', '12')
#1 C:\laragon\www\api_airbnb\system\CodeIgniter.php(825): App\Controllers\Pagos->confirmarPago()
#2 C:\laragon\www\api_airbnb\system\CodeIgniter.php(412): CodeIgniter\CodeIgniter->runController(Object(App\Controllers\Pagos))
#3 C:\laragon\www\api_airbnb\system\CodeIgniter.php(320): CodeIgniter\CodeIgniter->handleRequest(NULL, Object(Config\Cache), false)
#4 C:\laragon\www\api_airbnb\public\index.php(37): CodeIgniter\CodeIgniter->run()
#5 {main}
CRITICAL - 2022-10-27 11:15:41 --> Call to undefined method CodeIgniter\Database\MySQLi\Connection::select()
#0 C:\laragon\www\api_airbnb\app\Controllers\Pagos.php(201): App\Models\FechasReservasModel->confirmar('2022-10-22', '2022-10-31', '12')
#1 C:\laragon\www\api_airbnb\system\CodeIgniter.php(825): App\Controllers\Pagos->confirmarPago()
#2 C:\laragon\www\api_airbnb\system\CodeIgniter.php(412): CodeIgniter\CodeIgniter->runController(Object(App\Controllers\Pagos))
#3 C:\laragon\www\api_airbnb\system\CodeIgniter.php(320): CodeIgniter\CodeIgniter->handleRequest(NULL, Object(Config\Cache), false)
#4 C:\laragon\www\api_airbnb\public\index.php(37): CodeIgniter\CodeIgniter->run()
#5 {main}
CRITICAL - 2022-10-27 11:16:30 --> Call to undefined method CodeIgniter\Database\MySQLi\Connection::select()
#0 C:\laragon\www\api_airbnb\app\Controllers\Pagos.php(201): App\Models\FechasReservasModel->confirmar('2022-10-22', '2022-10-31', '12')
#1 C:\laragon\www\api_airbnb\system\CodeIgniter.php(825): App\Controllers\Pagos->confirmarPago()
#2 C:\laragon\www\api_airbnb\system\CodeIgniter.php(412): CodeIgniter\CodeIgniter->runController(Object(App\Controllers\Pagos))
#3 C:\laragon\www\api_airbnb\system\CodeIgniter.php(320): CodeIgniter\CodeIgniter->handleRequest(NULL, Object(Config\Cache), false)
#4 C:\laragon\www\api_airbnb\public\index.php(37): CodeIgniter\CodeIgniter->run()
#5 {main}
CRITICAL - 2022-10-27 11:18:44 --> Undefined variable: diasReserva
#0 C:\laragon\www\api_airbnb\app\Controllers\Pagos.php(206): CodeIgniter\Debug\Exceptions->errorHandler(8, 'Undefined varia...', 'C:\\laragon\\www\\...', 206, Array)
#1 C:\laragon\www\api_airbnb\system\CodeIgniter.php(825): App\Controllers\Pagos->confirmarPago()
#2 C:\laragon\www\api_airbnb\system\CodeIgniter.php(412): CodeIgniter\CodeIgniter->runController(Object(App\Controllers\Pagos))
#3 C:\laragon\www\api_airbnb\system\CodeIgniter.php(320): CodeIgniter\CodeIgniter->handleRequest(NULL, Object(Config\Cache), false)
#4 C:\laragon\www\api_airbnb\public\index.php(37): CodeIgniter\CodeIgniter->run()
#5 {main}
CRITICAL - 2022-10-27 20:19:08 --> Call to undefined method App\Models\FechasReservasModel::finColumn
#0 C:\laragon\www\api_airbnb\app\Controllers\Pagos.php(207): CodeIgniter\Model->__call('finColumn', Array)
#1 C:\laragon\www\api_airbnb\system\CodeIgniter.php(825): App\Controllers\Pagos->confirmarPago()
#2 C:\laragon\www\api_airbnb\system\CodeIgniter.php(412): CodeIgniter\CodeIgniter->runController(Object(App\Controllers\Pagos))
#3 C:\laragon\www\api_airbnb\system\CodeIgniter.php(320): CodeIgniter\CodeIgniter->handleRequest(NULL, Object(Config\Cache), false)
#4 C:\laragon\www\api_airbnb\public\index.php(37): CodeIgniter\CodeIgniter->run()
#5 {main}
