CRITICAL - 2022-10-28 08:43:57 --> Array to string conversion
#0 [internal function]: CodeIgniter\Debug\Exceptions->errorHandler(8, 'Array to string...', 'C:\\laragon\\www\\...', 30, Array)
#1 C:\laragon\www\api_airbnb\app\Controllers\Servicios.php(30): array_diff(Array, Array)
#2 C:\laragon\www\api_airbnb\system\CodeIgniter.php(825): App\Controllers\Servicios->prueba()
#3 C:\laragon\www\api_airbnb\system\CodeIgniter.php(412): CodeIgniter\CodeIgniter->runController(Object(App\Controllers\Servicios))
#4 C:\laragon\www\api_airbnb\system\CodeIgniter.php(320): CodeIgniter\CodeIgniter->handleRequest(NULL, Object(Config\Cache), false)
#5 C:\laragon\www\api_airbnb\public\index.php(37): CodeIgniter\CodeIgniter->run()
#6 {main}
CRITICAL - 2022-10-28 08:45:19 --> Trying to access array offset on value of type null
#0 C:\laragon\www\api_airbnb\app\Controllers\Servicios.php(30): CodeIgniter\Debug\Exceptions->errorHandler(8, 'Trying to acces...', 'C:\\laragon\\www\\...', 30, Array)
#1 C:\laragon\www\api_airbnb\system\CodeIgniter.php(825): App\Controllers\Servicios->prueba()
#2 C:\laragon\www\api_airbnb\system\CodeIgniter.php(412): CodeIgniter\CodeIgniter->runController(Object(App\Controllers\Servicios))
#3 C:\laragon\www\api_airbnb\system\CodeIgniter.php(320): CodeIgniter\CodeIgniter->handleRequest(NULL, Object(Config\Cache), false)
#4 C:\laragon\www\api_airbnb\public\index.php(37): CodeIgniter\CodeIgniter->run()
#5 {main}
CRITICAL - 2022-10-28 08:45:53 --> Trying to access array offset on value of type int
#0 C:\laragon\www\api_airbnb\app\Controllers\Servicios.php(34): CodeIgniter\Debug\Exceptions->errorHandler(8, 'Trying to acces...', 'C:\\laragon\\www\\...', 34, Array)
#1 C:\laragon\www\api_airbnb\system\CodeIgniter.php(825): App\Controllers\Servicios->prueba()
#2 C:\laragon\www\api_airbnb\system\CodeIgniter.php(412): CodeIgniter\CodeIgniter->runController(Object(App\Controllers\Servicios))
#3 C:\laragon\www\api_airbnb\system\CodeIgniter.php(320): CodeIgniter\CodeIgniter->handleRequest(NULL, Object(Config\Cache), false)
#4 C:\laragon\www\api_airbnb\public\index.php(37): CodeIgniter\CodeIgniter->run()
#5 {main}
CRITICAL - 2022-10-28 15:43:43 --> syntax error, unexpected 'if' (T_IF)
#0 C:\laragon\www\api_airbnb\system\Autoloader\Autoloader.php(241): CodeIgniter\Autoloader\Autoloader->includeFile('C:\\laragon\\www\\...')
#1 C:\laragon\www\api_airbnb\system\Autoloader\Autoloader.php(219): CodeIgniter\Autoloader\Autoloader->loadInNamespace('App\\Controllers...')
#2 [internal function]: CodeIgniter\Autoloader\Autoloader->loadClass('App\\Controllers...')
#3 [internal function]: spl_autoload_call('App\\Controllers...')
#4 C:\laragon\www\api_airbnb\system\CodeIgniter.php(790): class_exists('\\App\\Controller...', true)
#5 C:\laragon\www\api_airbnb\system\CodeIgniter.php(399): CodeIgniter\CodeIgniter->startController()
#6 C:\laragon\www\api_airbnb\system\CodeIgniter.php(320): CodeIgniter\CodeIgniter->handleRequest(NULL, Object(Config\Cache), false)
#7 C:\laragon\www\api_airbnb\public\index.php(37): CodeIgniter\CodeIgniter->run()
#8 {main}
CRITICAL - 2022-10-28 15:48:21 --> Array to string conversion
#0 [internal function]: CodeIgniter\Debug\Exceptions->errorHandler(8, 'Array to string...', 'C:\\laragon\\www\\...', 58, Array)
#1 C:\laragon\www\api_airbnb\app\Controllers\Servicios.php(58): array_diff(Array, Array)
#2 C:\laragon\www\api_airbnb\system\CodeIgniter.php(825): App\Controllers\Servicios->prueba()
#3 C:\laragon\www\api_airbnb\system\CodeIgniter.php(412): CodeIgniter\CodeIgniter->runController(Object(App\Controllers\Servicios))
#4 C:\laragon\www\api_airbnb\system\CodeIgniter.php(320): CodeIgniter\CodeIgniter->handleRequest(NULL, Object(Config\Cache), false)
#5 C:\laragon\www\api_airbnb\public\index.php(37): CodeIgniter\CodeIgniter->run()
#6 {main}
CRITICAL - 2022-10-28 20:32:42 --> Undefined variable: modelServicio
#0 C:\laragon\www\api_airbnb\app\Controllers\Servicios.php(64): CodeIgniter\Debug\Exceptions->errorHandler(8, 'Undefined varia...', 'C:\\laragon\\www\\...', 64, Array)
#1 C:\laragon\www\api_airbnb\system\CodeIgniter.php(825): App\Controllers\Servicios->filtroFechas()
#2 C:\laragon\www\api_airbnb\system\CodeIgniter.php(412): CodeIgniter\CodeIgniter->runController(Object(App\Controllers\Servicios))
#3 C:\laragon\www\api_airbnb\system\CodeIgniter.php(320): CodeIgniter\CodeIgniter->handleRequest(NULL, Object(Config\Cache), false)
#4 C:\laragon\www\api_airbnb\public\index.php(37): CodeIgniter\CodeIgniter->run()
#5 {main}
CRITICAL - 2022-10-28 20:33:16 --> Undefined variable: modelServicio
#0 C:\laragon\www\api_airbnb\app\Controllers\Servicios.php(64): CodeIgniter\Debug\Exceptions->errorHandler(8, 'Undefined varia...', 'C:\\laragon\\www\\...', 64, Array)
#1 C:\laragon\www\api_airbnb\system\CodeIgniter.php(825): App\Controllers\Servicios->filtroFechas()
#2 C:\laragon\www\api_airbnb\system\CodeIgniter.php(412): CodeIgniter\CodeIgniter->runController(Object(App\Controllers\Servicios))
#3 C:\laragon\www\api_airbnb\system\CodeIgniter.php(320): CodeIgniter\CodeIgniter->handleRequest(NULL, Object(Config\Cache), false)
#4 C:\laragon\www\api_airbnb\public\index.php(37): CodeIgniter\CodeIgniter->run()
#5 {main}
